<?xml version="1.0" encoding="utf-8"?>
<CoverageSession xmlns:xsd="http://www.w3.org/2001/XMLSchema" xmlns:xsi="http://www.w3.org/2001/XMLSchema-instance" Version="4.6.0.0">
  <Summary numSequencePoints="1110" visitedSequencePoints="80" numBranchPoints="152" visitedBranchPoints="25" sequenceCoverage="7.21" branchCoverage="16.45" maxCyclomaticComplexity="12" minCyclomaticComplexity="1" maxCrapScore="156" minCrapScore="1" visitedClasses="6" numClasses="23" visitedMethods="19" numMethods="90" />
  <Modules>
    <Module hash="0C-AE-F9-3A-D0-F0-28-FA-9D-75-3A-07-98-FE-CD-CA-50-B2-22-0E">
      <Summary numSequencePoints="14" visitedSequencePoints="14" numBranchPoints="2" visitedBranchPoints="2" sequenceCoverage="100" branchCoverage="100" maxCyclomaticComplexity="1" minCyclomaticComplexity="1" maxCrapScore="2" minCrapScore="1" visitedClasses="1" numClasses="1" visitedMethods="2" numMethods="2" />
      <ModulePath>C:\Sandbox\git\problemstatement1\ProblemStatement1Tests\bin\Debug\ProblemStatement1Tests.dll</ModulePath>
      <ModuleTime>2020-07-06T13:37:43.3140181Z</ModuleTime>
      <ModuleName>ProblemStatement1Tests</ModuleName>
      <Files>
        <File uid="1" fullPath="C:\Sandbox\git\problemstatement1\ProblemStatement1Tests\CartTests.cs" />
      </Files>
      <Classes>
        <Class>
          <Summary numSequencePoints="14" visitedSequencePoints="14" numBranchPoints="2" visitedBranchPoints="2" sequenceCoverage="100" branchCoverage="100" maxCyclomaticComplexity="1" minCyclomaticComplexity="1" maxCrapScore="2" minCrapScore="1" visitedClasses="1" numClasses="1" visitedMethods="2" numMethods="2" />
          <FullName>ProblemStatement1.Tests.CartTests</FullName>
          <Methods>
            <Method visited="true" cyclomaticComplexity="1" nPathComplexity="0" sequenceCoverage="100" branchCoverage="100" crapScore="1" isConstructor="false" isStatic="false" isGetter="false" isSetter="false">
              <Summary numSequencePoints="5" visitedSequencePoints="5" numBranchPoints="1" visitedBranchPoints="1" sequenceCoverage="100" branchCoverage="100" maxCyclomaticComplexity="1" minCyclomaticComplexity="1" maxCrapScore="1" minCrapScore="1" visitedClasses="0" numClasses="0" visitedMethods="1" numMethods="1" />
              <MetadataToken>100663297</MetadataToken>
              <Name>System.Void ProblemStatement1.Tests.CartTests::AddProductToCart_NoProducts_ProductAddition_Failed()</Name>
              <FileRef uid="1" />
              <SequencePoints>
                <SequencePoint vc="1" uspid="1" ordinal="0" offset="0" sl="10" sc="9" el="10" ec="10" bec="0" bev="0" fileid="1">
                  <TrackedMethodRefs>
                    <TrackedMethodRef uid="1" vc="1" />
                  </TrackedMethodRefs>
                </SequencePoint>
                <SequencePoint vc="1" uspid="2" ordinal="1" offset="1" sl="11" sc="13" el="11" ec="36" bec="0" bev="0" fileid="1">
                  <TrackedMethodRefs>
                    <TrackedMethodRef uid="1" vc="1" />
                  </TrackedMethodRefs>
                </SequencePoint>
                <SequencePoint vc="1" uspid="3" ordinal="2" offset="7" sl="12" sc="13" el="12" ec="45" bec="0" bev="0" fileid="1">
                  <TrackedMethodRefs>
                    <TrackedMethodRef uid="1" vc="1" />
                  </TrackedMethodRefs>
                </SequencePoint>
                <SequencePoint vc="1" uspid="4" ordinal="3" offset="21" sl="13" sc="13" el="13" ec="57" bec="0" bev="0" fileid="1">
                  <TrackedMethodRefs>
                    <TrackedMethodRef uid="1" vc="1" />
                  </TrackedMethodRefs>
                </SequencePoint>
                <SequencePoint vc="1" uspid="5" ordinal="4" offset="39" sl="14" sc="9" el="14" ec="10" bec="0" bev="0" fileid="1">
                  <TrackedMethodRefs>
                    <TrackedMethodRef uid="1" vc="1" />
                  </TrackedMethodRefs>
                </SequencePoint>
              </SequencePoints>
              <BranchPoints />
              <MethodPoint xsi:type="SequencePoint" vc="1" uspid="1" ordinal="0" offset="0" sl="10" sc="9" el="10" ec="10" bec="0" bev="0" fileid="1">
                <TrackedMethodRefs>
                  <TrackedMethodRef uid="1" vc="1" />
                </TrackedMethodRefs>
              </MethodPoint>
            </Method>
            <Method visited="true" cyclomaticComplexity="1" nPathComplexity="0" sequenceCoverage="100" branchCoverage="100" crapScore="1" isConstructor="false" isStatic="false" isGetter="false" isSetter="false">
              <Summary numSequencePoints="9" visitedSequencePoints="9" numBranchPoints="1" visitedBranchPoints="1" sequenceCoverage="100" branchCoverage="100" maxCyclomaticComplexity="1" minCyclomaticComplexity="1" maxCrapScore="1" minCrapScore="1" visitedClasses="0" numClasses="0" visitedMethods="1" numMethods="1" />
              <MetadataToken>100663298</MetadataToken>
              <Name>System.Void ProblemStatement1.Tests.CartTests::AddProductToCart_WithProducts_ProductAdded_Success()</Name>
              <FileRef uid="1" />
              <SequencePoints>
                <SequencePoint vc="1" uspid="6" ordinal="0" offset="0" sl="18" sc="9" el="18" ec="10" bec="0" bev="0" fileid="1">
                  <TrackedMethodRefs>
                    <TrackedMethodRef uid="2" vc="1" />
                  </TrackedMethodRefs>
                </SequencePoint>
                <SequencePoint vc="1" uspid="7" ordinal="1" offset="1" sl="19" sc="13" el="19" ec="57" bec="0" bev="0" fileid="1">
                  <TrackedMethodRefs>
                    <TrackedMethodRef uid="2" vc="1" />
                  </TrackedMethodRefs>
                </SequencePoint>
                <SequencePoint vc="1" uspid="8" ordinal="2" offset="24" sl="20" sc="13" el="20" ec="36" bec="0" bev="0" fileid="1">
                  <TrackedMethodRefs>
                    <TrackedMethodRef uid="2" vc="1" />
                  </TrackedMethodRefs>
                </SequencePoint>
                <SequencePoint vc="1" uspid="9" ordinal="3" offset="30" sl="21" sc="13" el="21" ec="45" bec="0" bev="0" fileid="1">
                  <TrackedMethodRefs>
                    <TrackedMethodRef uid="2" vc="1" />
                  </TrackedMethodRefs>
                </SequencePoint>
                <SequencePoint vc="1" uspid="10" ordinal="4" offset="44" sl="22" sc="13" el="22" ec="57" bec="0" bev="0" fileid="1">
                  <TrackedMethodRefs>
                    <TrackedMethodRef uid="2" vc="1" />
                  </TrackedMethodRefs>
                </SequencePoint>
                <SequencePoint vc="1" uspid="11" ordinal="5" offset="62" sl="23" sc="13" el="23" ec="68" bec="0" bev="0" fileid="1">
                  <TrackedMethodRefs>
                    <TrackedMethodRef uid="2" vc="1" />
                  </TrackedMethodRefs>
                </SequencePoint>
                <SequencePoint vc="1" uspid="12" ordinal="6" offset="90" sl="24" sc="13" el="24" ec="64" bec="0" bev="0" fileid="1">
                  <TrackedMethodRefs>
                    <TrackedMethodRef uid="2" vc="1" />
                  </TrackedMethodRefs>
                </SequencePoint>
                <SequencePoint vc="1" uspid="13" ordinal="7" offset="115" sl="25" sc="13" el="25" ec="73" bec="0" bev="0" fileid="1">
                  <TrackedMethodRefs>
                    <TrackedMethodRef uid="2" vc="1" />
                  </TrackedMethodRefs>
                </SequencePoint>
                <SequencePoint vc="1" uspid="14" ordinal="8" offset="150" sl="26" sc="9" el="26" ec="10" bec="0" bev="0" fileid="1">
                  <TrackedMethodRefs>
                    <TrackedMethodRef uid="2" vc="1" />
                  </TrackedMethodRefs>
                </SequencePoint>
              </SequencePoints>
              <BranchPoints />
              <MethodPoint xsi:type="SequencePoint" vc="1" uspid="6" ordinal="0" offset="0" sl="18" sc="9" el="18" ec="10" bec="0" bev="0" fileid="1">
                <TrackedMethodRefs>
                  <TrackedMethodRef uid="2" vc="1" />
                </TrackedMethodRefs>
              </MethodPoint>
            </Method>
            <Method visited="false" cyclomaticComplexity="1" nPathComplexity="0" sequenceCoverage="0" branchCoverage="0" crapScore="2" isConstructor="true" isStatic="false" isGetter="false" isSetter="false">
              <Summary numSequencePoints="0" visitedSequencePoints="0" numBranchPoints="0" visitedBranchPoints="0" sequenceCoverage="0" branchCoverage="0" maxCyclomaticComplexity="1" minCyclomaticComplexity="1" maxCrapScore="2" minCrapScore="2" visitedClasses="0" numClasses="0" visitedMethods="0" numMethods="0" />
              <MetadataToken>100663299</MetadataToken>
              <Name>System.Void ProblemStatement1.Tests.CartTests::.ctor()</Name>
              <SequencePoints />
              <BranchPoints />
              <MethodPoint vc="0" uspid="15" ordinal="0" offset="0" />
            </Method>
          </Methods>
        </Class>
      </Classes>
      <TrackedMethods>
        <TrackedMethod uid="1" token="100663297" name="System.Void ProblemStatement1.Tests.CartTests::AddProductToCart_NoProducts_ProductAddition_Failed()" strategy="MSTestTest" />
        <TrackedMethod uid="2" token="100663298" name="System.Void ProblemStatement1.Tests.CartTests::AddProductToCart_WithProducts_ProductAdded_Success()" strategy="MSTestTest" />
      </TrackedMethods>
    </Module>
    <Module hash="46-EF-46-76-F6-22-ED-81-07-09-D0-C2-4F-5F-92-6B-08-FD-F8-32">
      <Summary numSequencePoints="1096" visitedSequencePoints="66" numBranchPoints="150" visitedBranchPoints="23" sequenceCoverage="6.02" branchCoverage="15.33" maxCyclomaticComplexity="12" minCyclomaticComplexity="1" maxCrapScore="156" minCrapScore="1" visitedClasses="5" numClasses="22" visitedMethods="17" numMethods="88" />
      <ModulePath>C:\Sandbox\git\problemstatement1\ProblemStatement1Tests\bin\Debug\ProblemStatement1.exe</ModulePath>
      <ModuleTime>2020-07-06T13:30:37.1648747Z</ModuleTime>
      <ModuleName>ProblemStatement1</ModuleName>
      <Files>
        <File uid="3" fullPath="C:\Sandbox\git\problemstatement1\ProblemStatement1\Billing.cs" />
        <File uid="4" fullPath="C:\Sandbox\git\problemstatement1\ProblemStatement1\Cart.cs" />
        <File uid="6" fullPath="C:\Sandbox\git\problemstatement1\ProblemStatement1\MainForm.Designer.cs" />
        <File uid="7" fullPath="C:\Sandbox\git\problemstatement1\ProblemStatement1\MainForm.cs" />
        <File uid="8" fullPath="C:\Sandbox\git\problemstatement1\ProblemStatement1\Product.cs" />
        <File uid="9" fullPath="C:\Sandbox\git\problemstatement1\ProblemStatement1\Program.cs" />
        <File uid="10" fullPath="C:\Sandbox\git\problemstatement1\ProblemStatement1\PromotionFactory.cs" />
        <File uid="15" fullPath="C:\Sandbox\git\problemstatement1\ProblemStatement1\PromotionOne.cs" />
        <File uid="17" fullPath="C:\Sandbox\git\problemstatement1\ProblemStatement1\PromotionOneData.cs" />
        <File uid="18" fullPath="C:\Sandbox\git\problemstatement1\ProblemStatement1\PromotionTwo.cs" />
        <File uid="20" fullPath="C:\Sandbox\git\problemstatement1\ProblemStatement1\PromotionTwoData.cs" />
        <File uid="21" fullPath="C:\Sandbox\git\problemstatement1\ProblemStatement1\Purchase.cs" />
        <File uid="22" fullPath="C:\Sandbox\git\problemstatement1\ProblemStatement1\Store.cs" />
        <File uid="24" fullPath="C:\Sandbox\git\problemstatement1\ProblemStatement1\Properties\Resources.Designer.cs" />
        <File uid="25" fullPath="C:\Sandbox\git\problemstatement1\ProblemStatement1\Properties\Settings.Designer.cs" />
      </Files>
      <Classes>
        <Class>
          <Summary numSequencePoints="20" visitedSequencePoints="0" numBranchPoints="3" visitedBranchPoints="0" sequenceCoverage="0" branchCoverage="0" maxCyclomaticComplexity="1" minCyclomaticComplexity="1" maxCrapScore="2" minCrapScore="2" visitedClasses="0" numClasses="1" visitedMethods="0" numMethods="3" />
          <FullName>ProblemStatement1.Billing</FullName>
          <Methods>
            <Method visited="false" cyclomaticComplexity="1" nPathComplexity="0" sequenceCoverage="0" branchCoverage="0" crapScore="2" isConstructor="false" isStatic="false" isGetter="true" isSetter="false">
              <Summary numSequencePoints="3" visitedSequencePoints="0" numBranchPoints="1" visitedBranchPoints="0" sequenceCoverage="0" branchCoverage="0" maxCyclomaticComplexity="1" minCyclomaticComplexity="1" maxCrapScore="2" minCrapScore="2" visitedClasses="0" numClasses="0" visitedMethods="0" numMethods="1" />
              <MetadataToken>100663297</MetadataToken>
              <Name>System.String ProblemStatement1.Billing::get_FinalBill()</Name>
              <FileRef uid="3" />
              <SequencePoints>
                <SequencePoint vc="0" uspid="16" ordinal="0" offset="0" sl="18" sc="17" el="18" ec="18" bec="0" bev="0" fileid="3" />
                <SequencePoint vc="0" uspid="17" ordinal="1" offset="1" sl="18" sc="19" el="18" ec="48" bec="0" bev="0" fileid="3" />
                <SequencePoint vc="0" uspid="18" ordinal="2" offset="15" sl="18" sc="49" el="18" ec="50" bec="0" bev="0" fileid="3" />
              </SequencePoints>
              <BranchPoints />
              <MethodPoint xsi:type="SequencePoint" vc="0" uspid="16" ordinal="0" offset="0" sl="18" sc="17" el="18" ec="18" bec="0" bev="0" fileid="3" />
            </Method>
            <Method visited="false" cyclomaticComplexity="1" nPathComplexity="0" sequenceCoverage="0" branchCoverage="0" crapScore="2" isConstructor="true" isStatic="false" isGetter="false" isSetter="false">
              <Summary numSequencePoints="6" visitedSequencePoints="0" numBranchPoints="1" visitedBranchPoints="0" sequenceCoverage="0" branchCoverage="0" maxCyclomaticComplexity="1" minCyclomaticComplexity="1" maxCrapScore="2" minCrapScore="2" visitedClasses="0" numClasses="0" visitedMethods="0" numMethods="1" />
              <MetadataToken>100663298</MetadataToken>
              <Name>System.Void ProblemStatement1.Billing::.ctor(ProblemStatement1.Cart)</Name>
              <FileRef uid="3" />
              <SequencePoints>
                <SequencePoint vc="0" uspid="19" ordinal="0" offset="0" sl="14" sc="9" el="14" ec="36" bec="0" bev="0" fileid="3" />
                <SequencePoint vc="0" uspid="20" ordinal="1" offset="12" sl="22" sc="9" el="22" ec="34" bec="0" bev="0" fileid="3" />
                <SequencePoint vc="0" uspid="21" ordinal="2" offset="19" sl="23" sc="9" el="23" ec="10" bec="0" bev="0" fileid="3" />
                <SequencePoint vc="0" uspid="22" ordinal="3" offset="20" sl="24" sc="13" el="24" ec="26" bec="0" bev="0" fileid="3" />
                <SequencePoint vc="0" uspid="23" ordinal="4" offset="27" sl="25" sc="13" el="25" ec="46" bec="0" bev="0" fileid="3" />
                <SequencePoint vc="0" uspid="24" ordinal="5" offset="38" sl="26" sc="9" el="26" ec="10" bec="0" bev="0" fileid="3" />
              </SequencePoints>
              <BranchPoints />
              <MethodPoint xsi:type="SequencePoint" vc="0" uspid="19" ordinal="0" offset="0" sl="14" sc="9" el="14" ec="36" bec="0" bev="0" fileid="3" />
            </Method>
            <Method visited="false" cyclomaticComplexity="1" nPathComplexity="0" sequenceCoverage="0" branchCoverage="0" crapScore="2" isConstructor="false" isStatic="false" isGetter="false" isSetter="false">
              <Summary numSequencePoints="11" visitedSequencePoints="0" numBranchPoints="1" visitedBranchPoints="0" sequenceCoverage="0" branchCoverage="0" maxCyclomaticComplexity="1" minCyclomaticComplexity="1" maxCrapScore="2" minCrapScore="2" visitedClasses="0" numClasses="0" visitedMethods="0" numMethods="1" />
              <MetadataToken>100663299</MetadataToken>
              <Name>System.Void ProblemStatement1.Billing::bill()</Name>
              <FileRef uid="3" />
              <SequencePoints>
                <SequencePoint vc="0" uspid="25" ordinal="0" offset="0" sl="29" sc="9" el="29" ec="10" bec="0" bev="0" fileid="3" />
                <SequencePoint vc="0" uspid="26" ordinal="1" offset="1" sl="30" sc="13" el="30" ec="32" bec="0" bev="0" fileid="3" />
                <SequencePoint vc="0" uspid="27" ordinal="2" offset="9" sl="32" sc="13" el="32" ec="115" bec="0" bev="0" fileid="3" />
                <SequencePoint vc="0" uspid="28" ordinal="3" offset="44" sl="33" sc="13" el="33" ec="30" bec="0" bev="0" fileid="3" />
                <SequencePoint vc="0" uspid="29" ordinal="4" offset="62" sl="35" sc="13" el="35" ec="115" bec="0" bev="0" fileid="3" />
                <SequencePoint vc="0" uspid="30" ordinal="5" offset="97" sl="36" sc="13" el="36" ec="30" bec="0" bev="0" fileid="3" />
                <SequencePoint vc="0" uspid="31" ordinal="6" offset="115" sl="38" sc="13" el="38" ec="94" bec="0" bev="0" fileid="3" />
                <SequencePoint vc="0" uspid="32" ordinal="7" offset="145" sl="39" sc="13" el="39" ec="30" bec="0" bev="0" fileid="3" />
                <SequencePoint vc="0" uspid="33" ordinal="8" offset="163" sl="41" sc="13" el="41" ec="55" bec="0" bev="0" fileid="3" />
                <SequencePoint vc="0" uspid="34" ordinal="9" offset="180" sl="42" sc="13" el="42" ec="50" bec="0" bev="0" fileid="3" />
                <SequencePoint vc="0" uspid="35" ordinal="10" offset="213" sl="43" sc="9" el="43" ec="10" bec="0" bev="0" fileid="3" />
              </SequencePoints>
              <BranchPoints />
              <MethodPoint xsi:type="SequencePoint" vc="0" uspid="25" ordinal="0" offset="0" sl="29" sc="9" el="29" ec="10" bec="0" bev="0" fileid="3" />
            </Method>
          </Methods>
        </Class>
        <Class>
          <Summary numSequencePoints="30" visitedSequencePoints="21" numBranchPoints="11" visitedBranchPoints="7" sequenceCoverage="70" branchCoverage="63.64" maxCyclomaticComplexity="5" minCyclomaticComplexity="1" maxCrapScore="5.14" minCrapScore="1" visitedClasses="1" numClasses="1" visitedMethods="3" numMethods="5" />
          <FullName>ProblemStatement1.Cart</FullName>
          <Methods>
            <Method visited="true" cyclomaticComplexity="1" nPathComplexity="0" sequenceCoverage="100" branchCoverage="100" crapScore="1" isConstructor="false" isStatic="false" isGetter="true" isSetter="false">
              <Summary numSequencePoints="3" visitedSequencePoints="3" numBranchPoints="1" visitedBranchPoints="1" sequenceCoverage="100" branchCoverage="100" maxCyclomaticComplexity="1" minCyclomaticComplexity="1" maxCrapScore="1" minCrapScore="1" visitedClasses="0" numClasses="0" visitedMethods="1" numMethods="1" />
              <MetadataToken>100663300</MetadataToken>
              <Name>System.Collections.Generic.List`1&lt;ProblemStatement1.Purchase&gt; ProblemStatement1.Cart::get_AllPurchases()</Name>
              <FileRef uid="4" />
              <SequencePoints>
                <SequencePoint vc="5" uspid="36" ordinal="0" offset="0" sl="12" sc="17" el="12" ec="18" bec="0" bev="0" fileid="4">
                  <TrackedMethodRefs>
                    <TrackedMethodRef uid="1" vc="1" />
                    <TrackedMethodRef uid="2" vc="4" />
                  </TrackedMethodRefs>
                </SequencePoint>
                <SequencePoint vc="5" uspid="37" ordinal="1" offset="1" sl="12" sc="19" el="12" ec="37" bec="0" bev="0" fileid="4">
                  <TrackedMethodRefs>
                    <TrackedMethodRef uid="1" vc="1" />
                    <TrackedMethodRef uid="2" vc="4" />
                  </TrackedMethodRefs>
                </SequencePoint>
                <SequencePoint vc="5" uspid="38" ordinal="2" offset="10" sl="12" sc="38" el="12" ec="39" bec="0" bev="0" fileid="4">
                  <TrackedMethodRefs>
                    <TrackedMethodRef uid="1" vc="1" />
                    <TrackedMethodRef uid="2" vc="4" />
                  </TrackedMethodRefs>
                </SequencePoint>
              </SequencePoints>
              <BranchPoints />
              <MethodPoint xsi:type="SequencePoint" vc="5" uspid="36" ordinal="0" offset="0" sl="12" sc="17" el="12" ec="18" bec="0" bev="0" fileid="4">
                <TrackedMethodRefs>
                  <TrackedMethodRef uid="1" vc="1" />
                  <TrackedMethodRef uid="2" vc="4" />
                </TrackedMethodRefs>
              </MethodPoint>
            </Method>
            <Method visited="true" cyclomaticComplexity="1" nPathComplexity="0" sequenceCoverage="100" branchCoverage="100" crapScore="1" isConstructor="true" isStatic="false" isGetter="false" isSetter="false">
              <Summary numSequencePoints="4" visitedSequencePoints="4" numBranchPoints="1" visitedBranchPoints="1" sequenceCoverage="100" branchCoverage="100" maxCyclomaticComplexity="1" minCyclomaticComplexity="1" maxCrapScore="1" minCrapScore="1" visitedClasses="0" numClasses="0" visitedMethods="1" numMethods="1" />
              <MetadataToken>100663301</MetadataToken>
              <Name>System.Void ProblemStatement1.Cart::.ctor()</Name>
              <FileRef uid="4" />
              <SequencePoints>
                <SequencePoint vc="2" uspid="39" ordinal="0" offset="0" sl="16" sc="9" el="16" ec="22" bec="0" bev="0" fileid="4">
                  <TrackedMethodRefs>
                    <TrackedMethodRef uid="1" vc="1" />
                    <TrackedMethodRef uid="2" vc="1" />
                  </TrackedMethodRefs>
                </SequencePoint>
                <SequencePoint vc="2" uspid="40" ordinal="1" offset="7" sl="17" sc="9" el="17" ec="10" bec="0" bev="0" fileid="4">
                  <TrackedMethodRefs>
                    <TrackedMethodRef uid="1" vc="1" />
                    <TrackedMethodRef uid="2" vc="1" />
                  </TrackedMethodRefs>
                </SequencePoint>
                <SequencePoint vc="2" uspid="41" ordinal="2" offset="8" sl="18" sc="13" el="18" ec="47" bec="0" bev="0" fileid="4">
                  <TrackedMethodRefs>
                    <TrackedMethodRef uid="1" vc="1" />
                    <TrackedMethodRef uid="2" vc="1" />
                  </TrackedMethodRefs>
                </SequencePoint>
                <SequencePoint vc="2" uspid="42" ordinal="3" offset="19" sl="19" sc="9" el="19" ec="10" bec="0" bev="0" fileid="4">
                  <TrackedMethodRefs>
                    <TrackedMethodRef uid="1" vc="1" />
                    <TrackedMethodRef uid="2" vc="1" />
                  </TrackedMethodRefs>
                </SequencePoint>
              </SequencePoints>
              <BranchPoints />
              <MethodPoint xsi:type="SequencePoint" vc="2" uspid="39" ordinal="0" offset="0" sl="16" sc="9" el="16" ec="22" bec="0" bev="0" fileid="4">
                <TrackedMethodRefs>
                  <TrackedMethodRef uid="1" vc="1" />
                  <TrackedMethodRef uid="2" vc="1" />
                </TrackedMethodRefs>
              </MethodPoint>
            </Method>
            <Method visited="true" cyclomaticComplexity="5" nPathComplexity="8" sequenceCoverage="82.35" branchCoverage="71.43" crapScore="5.14" isConstructor="false" isStatic="false" isGetter="false" isSetter="false">
              <Summary numSequencePoints="17" visitedSequencePoints="14" numBranchPoints="7" visitedBranchPoints="5" sequenceCoverage="82.35" branchCoverage="71.43" maxCyclomaticComplexity="5" minCyclomaticComplexity="5" maxCrapScore="5.14" minCrapScore="5.14" visitedClasses="0" numClasses="0" visitedMethods="1" numMethods="1" />
              <MetadataToken>100663302</MetadataToken>
              <Name>System.Void ProblemStatement1.Cart::AddPurchaseToCart(System.String,System.Int32)</Name>
              <FileRef uid="4" />
              <SequencePoints>
                <SequencePoint vc="2" uspid="43" ordinal="0" offset="13" sl="22" sc="9" el="22" ec="10" bec="0" bev="0" fileid="4">
                  <TrackedMethodRefs>
                    <TrackedMethodRef uid="1" vc="1" />
                    <TrackedMethodRef uid="2" vc="1" />
                  </TrackedMethodRefs>
                </SequencePoint>
                <SequencePoint vc="2" uspid="44" ordinal="1" offset="14" sl="23" sc="13" el="23" ec="70" bec="2" bev="2" fileid="4">
                  <TrackedMethodRefs>
                    <TrackedMethodRef uid="1" vc="1" />
                    <TrackedMethodRef uid="2" vc="1" />
                  </TrackedMethodRefs>
                </SequencePoint>
                <SequencePoint vc="1" uspid="45" ordinal="2" offset="43" sl="24" sc="13" el="24" ec="14" bec="0" bev="0" fileid="4">
                  <TrackedMethodRefs>
                    <TrackedMethodRef uid="2" vc="1" />
                  </TrackedMethodRefs>
                </SequencePoint>
                <SequencePoint vc="1" uspid="46" ordinal="3" offset="44" sl="25" sc="17" el="25" ec="113" bec="0" bev="0" fileid="4">
                  <TrackedMethodRefs>
                    <TrackedMethodRef uid="2" vc="1" />
                  </TrackedMethodRefs>
                </SequencePoint>
                <SequencePoint vc="1" uspid="47" ordinal="4" offset="68" sl="26" sc="17" el="26" ec="38" bec="2" bev="1" fileid="4">
                  <TrackedMethodRefs>
                    <TrackedMethodRef uid="2" vc="1" />
                  </TrackedMethodRefs>
                </SequencePoint>
                <SequencePoint vc="1" uspid="48" ordinal="5" offset="76" sl="27" sc="17" el="27" ec="18" bec="0" bev="0" fileid="4">
                  <TrackedMethodRefs>
                    <TrackedMethodRef uid="2" vc="1" />
                  </TrackedMethodRefs>
                </SequencePoint>
                <SequencePoint vc="1" uspid="49" ordinal="6" offset="77" sl="28" sc="21" el="28" ec="130" bec="0" bev="0" fileid="4">
                  <TrackedMethodRefs>
                    <TrackedMethodRef uid="2" vc="1" />
                  </TrackedMethodRefs>
                </SequencePoint>
                <SequencePoint vc="1" uspid="50" ordinal="7" offset="106" sl="29" sc="21" el="29" ec="38" bec="2" bev="1" fileid="4">
                  <TrackedMethodRefs>
                    <TrackedMethodRef uid="2" vc="1" />
                  </TrackedMethodRefs>
                </SequencePoint>
                <SequencePoint vc="1" uspid="51" ordinal="8" offset="117" sl="30" sc="21" el="30" ec="22" bec="0" bev="0" fileid="4">
                  <TrackedMethodRefs>
                    <TrackedMethodRef uid="2" vc="1" />
                  </TrackedMethodRefs>
                </SequencePoint>
                <SequencePoint vc="1" uspid="52" ordinal="9" offset="118" sl="31" sc="25" el="31" ec="67" bec="0" bev="0" fileid="4">
                  <TrackedMethodRefs>
                    <TrackedMethodRef uid="2" vc="1" />
                  </TrackedMethodRefs>
                </SequencePoint>
                <SequencePoint vc="1" uspid="53" ordinal="10" offset="138" sl="32" sc="21" el="32" ec="22" bec="0" bev="0" fileid="4">
                  <TrackedMethodRefs>
                    <TrackedMethodRef uid="2" vc="1" />
                  </TrackedMethodRefs>
                </SequencePoint>
                <SequencePoint vc="1" uspid="54" ordinal="11" offset="139" sl="33" sc="17" el="33" ec="18" bec="0" bev="0" fileid="4">
                  <TrackedMethodRefs>
                    <TrackedMethodRef uid="2" vc="1" />
                  </TrackedMethodRefs>
                </SequencePoint>
                <SequencePoint vc="0" uspid="55" ordinal="12" offset="142" sl="35" sc="17" el="35" ec="18" bec="0" bev="0" fileid="4" />
                <SequencePoint vc="0" uspid="56" ordinal="13" offset="143" sl="36" sc="21" el="36" ec="48" bec="0" bev="0" fileid="4" />
                <SequencePoint vc="0" uspid="57" ordinal="14" offset="158" sl="37" sc="17" el="37" ec="18" bec="0" bev="0" fileid="4" />
                <SequencePoint vc="1" uspid="58" ordinal="15" offset="159" sl="38" sc="13" el="38" ec="14" bec="0" bev="0" fileid="4">
                  <TrackedMethodRefs>
                    <TrackedMethodRef uid="2" vc="1" />
                  </TrackedMethodRefs>
                </SequencePoint>
                <SequencePoint vc="2" uspid="59" ordinal="16" offset="160" sl="39" sc="9" el="39" ec="10" bec="0" bev="0" fileid="4">
                  <TrackedMethodRefs>
                    <TrackedMethodRef uid="1" vc="1" />
                    <TrackedMethodRef uid="2" vc="1" />
                  </TrackedMethodRefs>
                </SequencePoint>
              </SequencePoints>
              <BranchPoints>
                <BranchPoint vc="1" uspid="62" ordinal="2" offset="41" sl="23" path="0" offsetend="43" fileid="4">
                  <TrackedMethodRefs>
                    <TrackedMethodRef uid="2" vc="1" />
                  </TrackedMethodRefs>
                </BranchPoint>
                <BranchPoint vc="1" uspid="63" ordinal="3" offset="41" sl="23" path="1" offsetend="160" fileid="4">
                  <TrackedMethodRefs>
                    <TrackedMethodRef uid="1" vc="1" />
                  </TrackedMethodRefs>
                </BranchPoint>
                <BranchPoint vc="1" uspid="64" ordinal="4" offset="74" sl="26" path="0" offsetend="76" fileid="4">
                  <TrackedMethodRefs>
                    <TrackedMethodRef uid="2" vc="1" />
                  </TrackedMethodRefs>
                </BranchPoint>
                <BranchPoint vc="0" uspid="65" ordinal="5" offset="74" sl="26" path="1" offsetend="142" fileid="4" />
                <BranchPoint vc="1" uspid="66" ordinal="6" offset="115" sl="29" path="0" offsetend="117" fileid="4">
                  <TrackedMethodRefs>
                    <TrackedMethodRef uid="2" vc="1" />
                  </TrackedMethodRefs>
                </BranchPoint>
                <BranchPoint vc="0" uspid="67" ordinal="7" offset="115" sl="29" path="1" offsetend="139" fileid="4" />
              </BranchPoints>
              <MethodPoint vc="2" uspid="68" ordinal="0" offset="0">
                <TrackedMethodRefs>
                  <TrackedMethodRef uid="1" vc="1" />
                  <TrackedMethodRef uid="2" vc="1" />
                </TrackedMethodRefs>
              </MethodPoint>
            </Method>
            <Method visited="false" cyclomaticComplexity="1" nPathComplexity="0" sequenceCoverage="0" branchCoverage="0" crapScore="2" isConstructor="false" isStatic="false" isGetter="false" isSetter="false">
              <Summary numSequencePoints="3" visitedSequencePoints="0" numBranchPoints="1" visitedBranchPoints="0" sequenceCoverage="0" branchCoverage="0" maxCyclomaticComplexity="1" minCyclomaticComplexity="1" maxCrapScore="2" minCrapScore="2" visitedClasses="0" numClasses="0" visitedMethods="0" numMethods="1" />
              <MetadataToken>100663303</MetadataToken>
              <Name>System.Void ProblemStatement1.Cart::RemovePurchaseFromCart(ProblemStatement1.Purchase)</Name>
              <FileRef uid="4" />
              <SequencePoints>
                <SequencePoint vc="0" uspid="69" ordinal="0" offset="0" sl="42" sc="9" el="42" ec="10" bec="0" bev="0" fileid="4" />
                <SequencePoint vc="0" uspid="70" ordinal="1" offset="1" sl="43" sc="13" el="43" ec="41" bec="0" bev="0" fileid="4" />
                <SequencePoint vc="0" uspid="71" ordinal="2" offset="14" sl="44" sc="9" el="44" ec="10" bec="0" bev="0" fileid="4" />
              </SequencePoints>
              <BranchPoints />
              <MethodPoint xsi:type="SequencePoint" vc="0" uspid="69" ordinal="0" offset="0" sl="42" sc="9" el="42" ec="10" bec="0" bev="0" fileid="4" />
            </Method>
            <Method visited="false" cyclomaticComplexity="1" nPathComplexity="0" sequenceCoverage="0" branchCoverage="0" crapScore="2" isConstructor="false" isStatic="false" isGetter="false" isSetter="false">
              <Summary numSequencePoints="3" visitedSequencePoints="0" numBranchPoints="1" visitedBranchPoints="0" sequenceCoverage="0" branchCoverage="0" maxCyclomaticComplexity="1" minCyclomaticComplexity="1" maxCrapScore="2" minCrapScore="2" visitedClasses="0" numClasses="0" visitedMethods="0" numMethods="1" />
              <MetadataToken>100663304</MetadataToken>
              <Name>System.Void ProblemStatement1.Cart::ClearPurchases()</Name>
              <FileRef uid="4" />
              <SequencePoints>
                <SequencePoint vc="0" uspid="72" ordinal="0" offset="0" sl="47" sc="9" el="47" ec="10" bec="0" bev="0" fileid="4" />
                <SequencePoint vc="0" uspid="73" ordinal="1" offset="1" sl="48" sc="13" el="48" ec="32" bec="0" bev="0" fileid="4" />
                <SequencePoint vc="0" uspid="74" ordinal="2" offset="13" sl="49" sc="9" el="49" ec="10" bec="0" bev="0" fileid="4" />
              </SequencePoints>
              <BranchPoints />
              <MethodPoint xsi:type="SequencePoint" vc="0" uspid="72" ordinal="0" offset="0" sl="47" sc="9" el="47" ec="10" bec="0" bev="0" fileid="4" />
            </Method>
          </Methods>
        </Class>
        <Class>
          <Summary numSequencePoints="2" visitedSequencePoints="1" numBranchPoints="2" visitedBranchPoints="1" sequenceCoverage="50" branchCoverage="50" maxCyclomaticComplexity="1" minCyclomaticComplexity="1" maxCrapScore="2" minCrapScore="1" visitedClasses="1" numClasses="1" visitedMethods="1" numMethods="2" />
          <FullName>ProblemStatement1.Cart/&lt;&gt;c__DisplayClass4_0</FullName>
          <Methods>
            <Method visited="false" cyclomaticComplexity="1" nPathComplexity="0" sequenceCoverage="0" branchCoverage="0" crapScore="2" isConstructor="true" isStatic="false" isGetter="false" isSetter="false">
              <Summary numSequencePoints="0" visitedSequencePoints="0" numBranchPoints="0" visitedBranchPoints="0" sequenceCoverage="0" branchCoverage="0" maxCyclomaticComplexity="1" minCyclomaticComplexity="1" maxCrapScore="2" minCrapScore="2" visitedClasses="0" numClasses="0" visitedMethods="0" numMethods="0" />
              <MetadataToken>100663375</MetadataToken>
              <Name>System.Void ProblemStatement1.Cart/&lt;&gt;c__DisplayClass4_0::.ctor()</Name>
              <SequencePoints />
              <BranchPoints />
              <MethodPoint vc="0" uspid="75" ordinal="0" offset="0" />
            </Method>
            <Method visited="false" cyclomaticComplexity="1" nPathComplexity="0" sequenceCoverage="0" branchCoverage="0" crapScore="2" isConstructor="false" isStatic="false" isGetter="false" isSetter="false">
              <Summary numSequencePoints="1" visitedSequencePoints="0" numBranchPoints="1" visitedBranchPoints="0" sequenceCoverage="0" branchCoverage="0" maxCyclomaticComplexity="1" minCyclomaticComplexity="1" maxCrapScore="2" minCrapScore="2" visitedClasses="0" numClasses="0" visitedMethods="0" numMethods="1" />
              <MetadataToken>100663376</MetadataToken>
              <Name>System.Boolean ProblemStatement1.Cart/&lt;&gt;c__DisplayClass4_0::&lt;AddPurchaseToCart&gt;b__0(ProblemStatement1.Purchase)</Name>
              <FileRef uid="4" />
              <SequencePoints>
                <SequencePoint vc="0" uspid="76" ordinal="0" offset="0" sl="25" sc="58" el="25" ec="111" bec="0" bev="0" fileid="4" />
              </SequencePoints>
              <BranchPoints />
              <MethodPoint xsi:type="SequencePoint" vc="0" uspid="76" ordinal="0" offset="0" sl="25" sc="58" el="25" ec="111" bec="0" bev="0" fileid="4" />
            </Method>
            <Method visited="true" cyclomaticComplexity="1" nPathComplexity="0" sequenceCoverage="100" branchCoverage="100" crapScore="1" isConstructor="false" isStatic="false" isGetter="false" isSetter="false">
              <Summary numSequencePoints="1" visitedSequencePoints="1" numBranchPoints="1" visitedBranchPoints="1" sequenceCoverage="100" branchCoverage="100" maxCyclomaticComplexity="1" minCyclomaticComplexity="1" maxCrapScore="1" minCrapScore="1" visitedClasses="0" numClasses="0" visitedMethods="1" numMethods="1" />
              <MetadataToken>100663377</MetadataToken>
              <Name>System.Boolean ProblemStatement1.Cart/&lt;&gt;c__DisplayClass4_0::&lt;AddPurchaseToCart&gt;b__1(ProblemStatement1.Product)</Name>
              <FileRef uid="4" />
              <SequencePoints>
                <SequencePoint vc="1" uspid="77" ordinal="0" offset="0" sl="28" sc="75" el="28" ec="128" bec="0" bev="0" fileid="4">
                  <TrackedMethodRefs>
                    <TrackedMethodRef uid="2" vc="1" />
                  </TrackedMethodRefs>
                </SequencePoint>
              </SequencePoints>
              <BranchPoints />
              <MethodPoint xsi:type="SequencePoint" vc="1" uspid="77" ordinal="0" offset="0" sl="28" sc="75" el="28" ec="128" bec="0" bev="0" fileid="4">
                <TrackedMethodRefs>
                  <TrackedMethodRef uid="2" vc="1" />
                </TrackedMethodRefs>
              </MethodPoint>
            </Method>
          </Methods>
        </Class>
        <Class>
          <Summary numSequencePoints="740" visitedSequencePoints="0" numBranchPoints="31" visitedBranchPoints="0" sequenceCoverage="0" branchCoverage="0" maxCyclomaticComplexity="3" minCyclomaticComplexity="1" maxCrapScore="12" minCrapScore="2" visitedClasses="0" numClasses="1" visitedMethods="0" numMethods="17" />
          <FullName>ProblemStatement1.MainForm</FullName>
          <Methods>
            <Method visited="false" cyclomaticComplexity="1" nPathComplexity="0" sequenceCoverage="0" branchCoverage="0" crapScore="2" isConstructor="true" isStatic="false" isGetter="false" isSetter="false">
              <Summary numSequencePoints="8" visitedSequencePoints="0" numBranchPoints="1" visitedBranchPoints="0" sequenceCoverage="0" branchCoverage="0" maxCyclomaticComplexity="1" minCyclomaticComplexity="1" maxCrapScore="2" minCrapScore="2" visitedClasses="0" numClasses="0" visitedMethods="0" numMethods="1" />
              <MetadataToken>100663305</MetadataToken>
              <Name>System.Void ProblemStatement1.MainForm::.ctor()</Name>
              <FileRef uid="6" />
              <SequencePoints>
                <SequencePoint vc="0" uspid="78" ordinal="0" offset="0" sl="10" sc="9" el="10" ec="68" bec="0" bev="0" fileid="6" />
                <SequencePoint vc="0" uspid="79" ordinal="1" offset="7" sl="13" sc="9" el="13" ec="26" bec="0" bev="0" fileid="7" />
                <SequencePoint vc="0" uspid="80" ordinal="2" offset="14" sl="14" sc="9" el="14" ec="10" bec="0" bev="0" fileid="7" />
                <SequencePoint vc="0" uspid="81" ordinal="3" offset="15" sl="15" sc="13" el="15" ec="35" bec="0" bev="0" fileid="7" />
                <SequencePoint vc="0" uspid="82" ordinal="4" offset="22" sl="16" sc="13" el="16" ec="29" bec="0" bev="0" fileid="7" />
                <SequencePoint vc="0" uspid="83" ordinal="5" offset="29" sl="17" sc="13" el="17" ec="29" bec="0" bev="0" fileid="7" />
                <SequencePoint vc="0" uspid="84" ordinal="6" offset="36" sl="18" sc="13" el="18" ec="32" bec="0" bev="0" fileid="7" />
                <SequencePoint vc="0" uspid="85" ordinal="7" offset="43" sl="19" sc="9" el="19" ec="10" bec="0" bev="0" fileid="7" />
              </SequencePoints>
              <BranchPoints />
              <MethodPoint xsi:type="SequencePoint" vc="0" uspid="78" ordinal="0" offset="0" sl="10" sc="9" el="10" ec="68" bec="0" bev="0" fileid="6" />
            </Method>
            <Method visited="false" cyclomaticComplexity="1" nPathComplexity="0" sequenceCoverage="0" branchCoverage="0" crapScore="2" isConstructor="false" isStatic="false" isGetter="false" isSetter="false">
              <Summary numSequencePoints="9" visitedSequencePoints="0" numBranchPoints="1" visitedBranchPoints="0" sequenceCoverage="0" branchCoverage="0" maxCyclomaticComplexity="1" minCyclomaticComplexity="1" maxCrapScore="2" minCrapScore="2" visitedClasses="0" numClasses="0" visitedMethods="0" numMethods="1" />
              <MetadataToken>100663306</MetadataToken>
              <Name>System.Void ProblemStatement1.MainForm::InitInstances()</Name>
              <FileRef uid="7" />
              <SequencePoints>
                <SequencePoint vc="0" uspid="86" ordinal="0" offset="0" sl="22" sc="9" el="22" ec="10" bec="0" bev="0" fileid="7" />
                <SequencePoint vc="0" uspid="87" ordinal="1" offset="1" sl="23" sc="13" el="23" ec="37" bec="0" bev="0" fileid="7" />
                <SequencePoint vc="0" uspid="88" ordinal="2" offset="12" sl="24" sc="13" el="24" ec="44" bec="0" bev="0" fileid="7" />
                <SequencePoint vc="0" uspid="89" ordinal="3" offset="23" sl="25" sc="13" el="25" ec="59" bec="0" bev="0" fileid="7" />
                <SequencePoint vc="0" uspid="90" ordinal="4" offset="34" sl="27" sc="13" el="27" ec="61" bec="0" bev="0" fileid="7" />
                <SequencePoint vc="0" uspid="91" ordinal="5" offset="47" sl="28" sc="13" el="28" ec="58" bec="0" bev="0" fileid="7" />
                <SequencePoint vc="0" uspid="92" ordinal="6" offset="60" sl="29" sc="13" el="29" ec="62" bec="0" bev="0" fileid="7" />
                <SequencePoint vc="0" uspid="93" ordinal="7" offset="73" sl="30" sc="13" el="30" ec="62" bec="0" bev="0" fileid="7" />
                <SequencePoint vc="0" uspid="94" ordinal="8" offset="86" sl="31" sc="9" el="31" ec="10" bec="0" bev="0" fileid="7" />
              </SequencePoints>
              <BranchPoints />
              <MethodPoint xsi:type="SequencePoint" vc="0" uspid="86" ordinal="0" offset="0" sl="22" sc="9" el="22" ec="10" bec="0" bev="0" fileid="7" />
            </Method>
            <Method visited="false" cyclomaticComplexity="1" nPathComplexity="0" sequenceCoverage="0" branchCoverage="0" crapScore="2" isConstructor="false" isStatic="false" isGetter="false" isSetter="false">
              <Summary numSequencePoints="9" visitedSequencePoints="0" numBranchPoints="1" visitedBranchPoints="0" sequenceCoverage="0" branchCoverage="0" maxCyclomaticComplexity="1" minCyclomaticComplexity="1" maxCrapScore="2" minCrapScore="2" visitedClasses="0" numClasses="0" visitedMethods="0" numMethods="1" />
              <MetadataToken>100663307</MetadataToken>
              <Name>System.Void ProblemStatement1.MainForm::InitDummyData()</Name>
              <FileRef uid="7" />
              <SequencePoints>
                <SequencePoint vc="0" uspid="95" ordinal="0" offset="0" sl="34" sc="9" el="34" ec="10" bec="0" bev="0" fileid="7" />
                <SequencePoint vc="0" uspid="96" ordinal="1" offset="1" sl="35" sc="13" el="35" ec="52" bec="0" bev="0" fileid="7" />
                <SequencePoint vc="0" uspid="97" ordinal="2" offset="25" sl="36" sc="13" el="36" ec="52" bec="0" bev="0" fileid="7" />
                <SequencePoint vc="0" uspid="98" ordinal="3" offset="49" sl="37" sc="13" el="37" ec="52" bec="0" bev="0" fileid="7" />
                <SequencePoint vc="0" uspid="99" ordinal="4" offset="73" sl="38" sc="13" el="38" ec="52" bec="0" bev="0" fileid="7" />
                <SequencePoint vc="0" uspid="100" ordinal="5" offset="97" sl="40" sc="13" el="40" ec="61" bec="0" bev="0" fileid="7" />
                <SequencePoint vc="0" uspid="101" ordinal="6" offset="125" sl="41" sc="13" el="41" ec="60" bec="0" bev="0" fileid="7" />
                <SequencePoint vc="0" uspid="102" ordinal="7" offset="150" sl="43" sc="13" el="43" ec="62" bec="0" bev="0" fileid="7" />
                <SequencePoint vc="0" uspid="103" ordinal="8" offset="179" sl="44" sc="9" el="44" ec="10" bec="0" bev="0" fileid="7" />
              </SequencePoints>
              <BranchPoints />
              <MethodPoint xsi:type="SequencePoint" vc="0" uspid="95" ordinal="0" offset="0" sl="34" sc="9" el="34" ec="10" bec="0" bev="0" fileid="7" />
            </Method>
            <Method visited="false" cyclomaticComplexity="1" nPathComplexity="0" sequenceCoverage="0" branchCoverage="0" crapScore="2" isConstructor="false" isStatic="false" isGetter="false" isSetter="false">
              <Summary numSequencePoints="26" visitedSequencePoints="0" numBranchPoints="1" visitedBranchPoints="0" sequenceCoverage="0" branchCoverage="0" maxCyclomaticComplexity="1" minCyclomaticComplexity="1" maxCrapScore="2" minCrapScore="2" visitedClasses="0" numClasses="0" visitedMethods="0" numMethods="1" />
              <MetadataToken>100663308</MetadataToken>
              <Name>System.Void ProblemStatement1.MainForm::InitDataBindings()</Name>
              <FileRef uid="7" />
              <SequencePoints>
                <SequencePoint vc="0" uspid="104" ordinal="0" offset="0" sl="47" sc="9" el="47" ec="10" bec="0" bev="0" fileid="7" />
                <SequencePoint vc="0" uspid="105" ordinal="1" offset="1" sl="49" sc="13" el="49" ec="46" bec="0" bev="0" fileid="7" />
                <SequencePoint vc="0" uspid="106" ordinal="2" offset="7" sl="50" sc="13" el="50" ec="52" bec="0" bev="0" fileid="7" />
                <SequencePoint vc="0" uspid="107" ordinal="3" offset="25" sl="51" sc="13" el="51" ec="48" bec="0" bev="0" fileid="7" />
                <SequencePoint vc="0" uspid="108" ordinal="4" offset="38" sl="54" sc="13" el="54" ec="42" bec="0" bev="0" fileid="7" />
                <SequencePoint vc="0" uspid="109" ordinal="5" offset="44" sl="55" sc="13" el="55" ec="52" bec="0" bev="0" fileid="7" />
                <SequencePoint vc="0" uspid="110" ordinal="6" offset="62" sl="56" sc="13" el="56" ec="52" bec="0" bev="0" fileid="7" />
                <SequencePoint vc="0" uspid="111" ordinal="7" offset="75" sl="58" sc="13" el="58" ec="42" bec="0" bev="0" fileid="7" />
                <SequencePoint vc="0" uspid="112" ordinal="8" offset="81" sl="59" sc="13" el="59" ec="52" bec="0" bev="0" fileid="7" />
                <SequencePoint vc="0" uspid="113" ordinal="9" offset="99" sl="60" sc="13" el="60" ec="56" bec="0" bev="0" fileid="7" />
                <SequencePoint vc="0" uspid="114" ordinal="10" offset="112" sl="62" sc="13" el="62" ec="42" bec="0" bev="0" fileid="7" />
                <SequencePoint vc="0" uspid="115" ordinal="11" offset="118" sl="63" sc="13" el="63" ec="52" bec="0" bev="0" fileid="7" />
                <SequencePoint vc="0" uspid="116" ordinal="12" offset="136" sl="64" sc="13" el="64" ec="57" bec="0" bev="0" fileid="7" />
                <SequencePoint vc="0" uspid="117" ordinal="13" offset="149" sl="66" sc="13" el="66" ec="42" bec="0" bev="0" fileid="7" />
                <SequencePoint vc="0" uspid="118" ordinal="14" offset="155" sl="67" sc="13" el="67" ec="52" bec="0" bev="0" fileid="7" />
                <SequencePoint vc="0" uspid="119" ordinal="15" offset="173" sl="68" sc="13" el="68" ec="57" bec="0" bev="0" fileid="7" />
                <SequencePoint vc="0" uspid="120" ordinal="16" offset="186" sl="70" sc="13" el="70" ec="42" bec="0" bev="0" fileid="7" />
                <SequencePoint vc="0" uspid="121" ordinal="17" offset="192" sl="71" sc="13" el="71" ec="52" bec="0" bev="0" fileid="7" />
                <SequencePoint vc="0" uspid="122" ordinal="18" offset="210" sl="72" sc="13" el="72" ec="45" bec="0" bev="0" fileid="7" />
                <SequencePoint vc="0" uspid="123" ordinal="19" offset="223" sl="74" sc="13" el="74" ec="42" bec="0" bev="0" fileid="7" />
                <SequencePoint vc="0" uspid="124" ordinal="20" offset="229" sl="75" sc="13" el="75" ec="70" bec="0" bev="0" fileid="7" />
                <SequencePoint vc="0" uspid="125" ordinal="21" offset="252" sl="76" sc="13" el="76" ec="49" bec="0" bev="0" fileid="7" />
                <SequencePoint vc="0" uspid="126" ordinal="22" offset="265" sl="78" sc="13" el="78" ec="42" bec="0" bev="0" fileid="7" />
                <SequencePoint vc="0" uspid="127" ordinal="23" offset="271" sl="79" sc="13" el="79" ec="70" bec="0" bev="0" fileid="7" />
                <SequencePoint vc="0" uspid="128" ordinal="24" offset="294" sl="80" sc="13" el="80" ec="49" bec="0" bev="0" fileid="7" />
                <SequencePoint vc="0" uspid="129" ordinal="25" offset="307" sl="81" sc="9" el="81" ec="10" bec="0" bev="0" fileid="7" />
              </SequencePoints>
              <BranchPoints />
              <MethodPoint xsi:type="SequencePoint" vc="0" uspid="104" ordinal="0" offset="0" sl="47" sc="9" el="47" ec="10" bec="0" bev="0" fileid="7" />
            </Method>
            <Method visited="false" cyclomaticComplexity="1" nPathComplexity="0" sequenceCoverage="0" branchCoverage="0" crapScore="2" isConstructor="false" isStatic="false" isGetter="false" isSetter="false">
              <Summary numSequencePoints="5" visitedSequencePoints="0" numBranchPoints="1" visitedBranchPoints="0" sequenceCoverage="0" branchCoverage="0" maxCyclomaticComplexity="1" minCyclomaticComplexity="1" maxCrapScore="2" minCrapScore="2" visitedClasses="0" numClasses="0" visitedMethods="0" numMethods="1" />
              <MetadataToken>100663309</MetadataToken>
              <Name>System.Void ProblemStatement1.MainForm::btnAddNewProduct_Click(System.Object,System.EventArgs)</Name>
              <FileRef uid="7" />
              <SequencePoints>
                <SequencePoint vc="0" uspid="130" ordinal="0" offset="0" sl="84" sc="9" el="84" ec="10" bec="0" bev="0" fileid="7" />
                <SequencePoint vc="0" uspid="131" ordinal="1" offset="1" sl="85" sc="13" el="85" ec="115" bec="0" bev="0" fileid="7" />
                <SequencePoint vc="0" uspid="132" ordinal="2" offset="35" sl="86" sc="13" el="86" ec="32" bec="0" bev="0" fileid="7" />
                <SequencePoint vc="0" uspid="133" ordinal="3" offset="42" sl="87" sc="13" el="87" ec="38" bec="0" bev="0" fileid="7" />
                <SequencePoint vc="0" uspid="134" ordinal="4" offset="50" sl="88" sc="9" el="88" ec="10" bec="0" bev="0" fileid="7" />
              </SequencePoints>
              <BranchPoints />
              <MethodPoint xsi:type="SequencePoint" vc="0" uspid="130" ordinal="0" offset="0" sl="84" sc="9" el="84" ec="10" bec="0" bev="0" fileid="7" />
            </Method>
            <Method visited="false" cyclomaticComplexity="1" nPathComplexity="0" sequenceCoverage="0" branchCoverage="0" crapScore="2" isConstructor="false" isStatic="false" isGetter="false" isSetter="false">
              <Summary numSequencePoints="4" visitedSequencePoints="0" numBranchPoints="1" visitedBranchPoints="0" sequenceCoverage="0" branchCoverage="0" maxCyclomaticComplexity="1" minCyclomaticComplexity="1" maxCrapScore="2" minCrapScore="2" visitedClasses="0" numClasses="0" visitedMethods="0" numMethods="1" />
              <MetadataToken>100663310</MetadataToken>
              <Name>System.Void ProblemStatement1.MainForm::btnAddProductToCart_Click(System.Object,System.EventArgs)</Name>
              <FileRef uid="7" />
              <SequencePoints>
                <SequencePoint vc="0" uspid="135" ordinal="0" offset="0" sl="91" sc="9" el="91" ec="10" bec="0" bev="0" fileid="7" />
                <SequencePoint vc="0" uspid="136" ordinal="1" offset="1" sl="92" sc="13" el="95" ec="20" bec="0" bev="0" fileid="7" />
                <SequencePoint vc="0" uspid="137" ordinal="2" offset="51" sl="96" sc="13" el="96" ec="32" bec="0" bev="0" fileid="7" />
                <SequencePoint vc="0" uspid="138" ordinal="3" offset="58" sl="97" sc="9" el="97" ec="10" bec="0" bev="0" fileid="7" />
              </SequencePoints>
              <BranchPoints />
              <MethodPoint xsi:type="SequencePoint" vc="0" uspid="135" ordinal="0" offset="0" sl="91" sc="9" el="91" ec="10" bec="0" bev="0" fileid="7" />
            </Method>
            <Method visited="false" cyclomaticComplexity="3" nPathComplexity="2" sequenceCoverage="0" branchCoverage="0" crapScore="12" isConstructor="false" isStatic="false" isGetter="false" isSetter="false">
              <Summary numSequencePoints="8" visitedSequencePoints="0" numBranchPoints="3" visitedBranchPoints="0" sequenceCoverage="0" branchCoverage="0" maxCyclomaticComplexity="3" minCyclomaticComplexity="3" maxCrapScore="12" minCrapScore="12" visitedClasses="0" numClasses="0" visitedMethods="0" numMethods="1" />
              <MetadataToken>100663311</MetadataToken>
              <Name>System.Void ProblemStatement1.MainForm::btnGenerateBill_Click(System.Object,System.EventArgs)</Name>
              <FileRef uid="7" />
              <SequencePoints>
                <SequencePoint vc="0" uspid="139" ordinal="0" offset="0" sl="100" sc="9" el="100" ec="10" bec="0" bev="0" fileid="7" />
                <SequencePoint vc="0" uspid="140" ordinal="1" offset="1" sl="101" sc="13" el="101" ec="76" bec="2" bev="0" fileid="7" />
                <SequencePoint vc="0" uspid="141" ordinal="2" offset="40" sl="102" sc="13" el="102" ec="14" bec="0" bev="0" fileid="7" />
                <SequencePoint vc="0" uspid="142" ordinal="3" offset="41" sl="103" sc="17" el="103" ec="52" bec="0" bev="0" fileid="7" />
                <SequencePoint vc="0" uspid="143" ordinal="4" offset="58" sl="104" sc="17" el="104" ec="38" bec="0" bev="0" fileid="7" />
                <SequencePoint vc="0" uspid="144" ordinal="5" offset="70" sl="105" sc="17" el="105" ec="61" bec="0" bev="0" fileid="7" />
                <SequencePoint vc="0" uspid="145" ordinal="6" offset="93" sl="106" sc="13" el="106" ec="14" bec="0" bev="0" fileid="7" />
                <SequencePoint vc="0" uspid="146" ordinal="7" offset="94" sl="107" sc="9" el="107" ec="10" bec="0" bev="0" fileid="7" />
              </SequencePoints>
              <BranchPoints>
                <BranchPoint vc="0" uspid="149" ordinal="2" offset="38" sl="101" path="0" offsetend="40" fileid="7" />
                <BranchPoint vc="0" uspid="150" ordinal="3" offset="38" sl="101" path="1" offsetend="94" fileid="7" />
              </BranchPoints>
              <MethodPoint xsi:type="SequencePoint" vc="0" uspid="139" ordinal="0" offset="0" sl="100" sc="9" el="100" ec="10" bec="0" bev="0" fileid="7" />
            </Method>
            <Method visited="false" cyclomaticComplexity="1" nPathComplexity="0" sequenceCoverage="0" branchCoverage="0" crapScore="2" isConstructor="false" isStatic="false" isGetter="false" isSetter="false">
              <Summary numSequencePoints="5" visitedSequencePoints="0" numBranchPoints="1" visitedBranchPoints="0" sequenceCoverage="0" branchCoverage="0" maxCyclomaticComplexity="1" minCyclomaticComplexity="1" maxCrapScore="2" minCrapScore="2" visitedClasses="0" numClasses="0" visitedMethods="0" numMethods="1" />
              <MetadataToken>100663312</MetadataToken>
              <Name>System.Void ProblemStatement1.MainForm::btnAddPromotionOne_Click(System.Object,System.EventArgs)</Name>
              <FileRef uid="7" />
              <SequencePoints>
                <SequencePoint vc="0" uspid="151" ordinal="0" offset="0" sl="110" sc="9" el="110" ec="10" bec="0" bev="0" fileid="7" />
                <SequencePoint vc="0" uspid="152" ordinal="1" offset="1" sl="111" sc="13" el="115" ec="16" bec="0" bev="0" fileid="7" />
                <SequencePoint vc="0" uspid="153" ordinal="2" offset="57" sl="116" sc="13" el="116" ec="32" bec="0" bev="0" fileid="7" />
                <SequencePoint vc="0" uspid="154" ordinal="3" offset="64" sl="117" sc="13" el="117" ec="38" bec="0" bev="0" fileid="7" />
                <SequencePoint vc="0" uspid="155" ordinal="4" offset="72" sl="118" sc="9" el="118" ec="10" bec="0" bev="0" fileid="7" />
              </SequencePoints>
              <BranchPoints />
              <MethodPoint xsi:type="SequencePoint" vc="0" uspid="151" ordinal="0" offset="0" sl="110" sc="9" el="110" ec="10" bec="0" bev="0" fileid="7" />
            </Method>
            <Method visited="false" cyclomaticComplexity="2" nPathComplexity="2" sequenceCoverage="0" branchCoverage="0" crapScore="6" isConstructor="false" isStatic="false" isGetter="false" isSetter="false">
              <Summary numSequencePoints="8" visitedSequencePoints="0" numBranchPoints="3" visitedBranchPoints="0" sequenceCoverage="0" branchCoverage="0" maxCyclomaticComplexity="2" minCyclomaticComplexity="2" maxCrapScore="6" minCrapScore="6" visitedClasses="0" numClasses="0" visitedMethods="0" numMethods="1" />
              <MetadataToken>100663313</MetadataToken>
              <Name>System.Void ProblemStatement1.MainForm::RefreshData(System.Boolean)</Name>
              <FileRef uid="7" />
              <SequencePoints>
                <SequencePoint vc="0" uspid="156" ordinal="0" offset="0" sl="121" sc="9" el="121" ec="10" bec="0" bev="0" fileid="7" />
                <SequencePoint vc="0" uspid="157" ordinal="1" offset="1" sl="122" sc="13" el="122" ec="29" bec="2" bev="0" fileid="7" />
                <SequencePoint vc="0" uspid="158" ordinal="2" offset="6" sl="123" sc="13" el="123" ec="14" bec="0" bev="0" fileid="7" />
                <SequencePoint vc="0" uspid="159" ordinal="3" offset="7" sl="124" sc="17" el="124" ec="45" bec="0" bev="0" fileid="7" />
                <SequencePoint vc="0" uspid="160" ordinal="4" offset="19" sl="125" sc="17" el="125" ec="38" bec="0" bev="0" fileid="7" />
                <SequencePoint vc="0" uspid="161" ordinal="5" offset="31" sl="126" sc="17" el="126" ec="36" bec="0" bev="0" fileid="7" />
                <SequencePoint vc="0" uspid="162" ordinal="6" offset="38" sl="127" sc="13" el="127" ec="14" bec="0" bev="0" fileid="7" />
                <SequencePoint vc="0" uspid="163" ordinal="7" offset="39" sl="128" sc="9" el="128" ec="10" bec="0" bev="0" fileid="7" />
              </SequencePoints>
              <BranchPoints>
                <BranchPoint vc="0" uspid="164" ordinal="0" offset="4" sl="122" path="0" offsetend="6" fileid="7" />
                <BranchPoint vc="0" uspid="165" ordinal="1" offset="4" sl="122" path="1" offsetend="39" fileid="7" />
              </BranchPoints>
              <MethodPoint xsi:type="SequencePoint" vc="0" uspid="156" ordinal="0" offset="0" sl="121" sc="9" el="121" ec="10" bec="0" bev="0" fileid="7" />
            </Method>
            <Method visited="false" cyclomaticComplexity="1" nPathComplexity="0" sequenceCoverage="0" branchCoverage="0" crapScore="2" isConstructor="false" isStatic="false" isGetter="false" isSetter="false">
              <Summary numSequencePoints="5" visitedSequencePoints="0" numBranchPoints="1" visitedBranchPoints="0" sequenceCoverage="0" branchCoverage="0" maxCyclomaticComplexity="1" minCyclomaticComplexity="1" maxCrapScore="2" minCrapScore="2" visitedClasses="0" numClasses="0" visitedMethods="0" numMethods="1" />
              <MetadataToken>100663314</MetadataToken>
              <Name>System.Void ProblemStatement1.MainForm::btnAddPromotionTwo_Click(System.Object,System.EventArgs)</Name>
              <FileRef uid="7" />
              <SequencePoints>
                <SequencePoint vc="0" uspid="166" ordinal="0" offset="0" sl="131" sc="9" el="131" ec="10" bec="0" bev="0" fileid="7" />
                <SequencePoint vc="0" uspid="167" ordinal="1" offset="1" sl="132" sc="13" el="136" ec="15" bec="0" bev="0" fileid="7" />
                <SequencePoint vc="0" uspid="168" ordinal="2" offset="46" sl="137" sc="13" el="137" ec="32" bec="0" bev="0" fileid="7" />
                <SequencePoint vc="0" uspid="169" ordinal="3" offset="53" sl="138" sc="13" el="138" ec="38" bec="0" bev="0" fileid="7" />
                <SequencePoint vc="0" uspid="170" ordinal="4" offset="61" sl="139" sc="9" el="139" ec="10" bec="0" bev="0" fileid="7" />
              </SequencePoints>
              <BranchPoints />
              <MethodPoint xsi:type="SequencePoint" vc="0" uspid="166" ordinal="0" offset="0" sl="131" sc="9" el="131" ec="10" bec="0" bev="0" fileid="7" />
            </Method>
            <Method visited="false" cyclomaticComplexity="1" nPathComplexity="0" sequenceCoverage="0" branchCoverage="0" crapScore="2" isConstructor="false" isStatic="false" isGetter="false" isSetter="false">
              <Summary numSequencePoints="3" visitedSequencePoints="0" numBranchPoints="1" visitedBranchPoints="0" sequenceCoverage="0" branchCoverage="0" maxCyclomaticComplexity="1" minCyclomaticComplexity="1" maxCrapScore="2" minCrapScore="2" visitedClasses="0" numClasses="0" visitedMethods="0" numMethods="1" />
              <MetadataToken>100663315</MetadataToken>
              <Name>System.Void ProblemStatement1.MainForm::numQuantity_ValueChanged(System.Object,System.EventArgs)</Name>
              <FileRef uid="7" />
              <SequencePoints>
                <SequencePoint vc="0" uspid="171" ordinal="0" offset="0" sl="142" sc="9" el="142" ec="10" bec="0" bev="0" fileid="7" />
                <SequencePoint vc="0" uspid="172" ordinal="1" offset="1" sl="143" sc="13" el="143" ec="83" bec="0" bev="0" fileid="7" />
                <SequencePoint vc="0" uspid="173" ordinal="2" offset="40" sl="144" sc="9" el="144" ec="10" bec="0" bev="0" fileid="7" />
              </SequencePoints>
              <BranchPoints />
              <MethodPoint xsi:type="SequencePoint" vc="0" uspid="171" ordinal="0" offset="0" sl="142" sc="9" el="142" ec="10" bec="0" bev="0" fileid="7" />
            </Method>
            <Method visited="false" cyclomaticComplexity="3" nPathComplexity="2" sequenceCoverage="0" branchCoverage="0" crapScore="12" isConstructor="false" isStatic="false" isGetter="false" isSetter="false">
              <Summary numSequencePoints="9" visitedSequencePoints="0" numBranchPoints="3" visitedBranchPoints="0" sequenceCoverage="0" branchCoverage="0" maxCyclomaticComplexity="3" minCyclomaticComplexity="3" maxCrapScore="12" minCrapScore="12" visitedClasses="0" numClasses="0" visitedMethods="0" numMethods="1" />
              <MetadataToken>100663316</MetadataToken>
              <Name>System.Void ProblemStatement1.MainForm::dgvAllProducts_CellContentClick(System.Object,System.Windows.Forms.DataGridViewCellEventArgs)</Name>
              <FileRef uid="7" />
              <SequencePoints>
                <SequencePoint vc="0" uspid="174" ordinal="0" offset="0" sl="147" sc="9" el="147" ec="10" bec="0" bev="0" fileid="7" />
                <SequencePoint vc="0" uspid="175" ordinal="1" offset="1" sl="148" sc="13" el="148" ec="51" bec="0" bev="0" fileid="7" />
                <SequencePoint vc="0" uspid="176" ordinal="2" offset="8" sl="150" sc="13" el="151" ec="33" bec="2" bev="0" fileid="7" />
                <SequencePoint vc="0" uspid="177" ordinal="3" offset="51" sl="152" sc="13" el="152" ec="14" bec="0" bev="0" fileid="7" />
                <SequencePoint vc="0" uspid="178" ordinal="4" offset="52" sl="153" sc="17" el="153" ec="89" bec="0" bev="0" fileid="7" />
                <SequencePoint vc="0" uspid="179" ordinal="5" offset="86" sl="154" sc="17" el="154" ec="36" bec="0" bev="0" fileid="7" />
                <SequencePoint vc="0" uspid="180" ordinal="6" offset="93" sl="155" sc="17" el="155" ec="35" bec="0" bev="0" fileid="7" />
                <SequencePoint vc="0" uspid="181" ordinal="7" offset="101" sl="156" sc="13" el="156" ec="14" bec="0" bev="0" fileid="7" />
                <SequencePoint vc="0" uspid="182" ordinal="8" offset="102" sl="157" sc="9" el="157" ec="10" bec="0" bev="0" fileid="7" />
              </SequencePoints>
              <BranchPoints>
                <BranchPoint vc="0" uspid="185" ordinal="2" offset="49" sl="150" path="0" offsetend="51" fileid="7" />
                <BranchPoint vc="0" uspid="186" ordinal="3" offset="49" sl="150" path="1" offsetend="102" fileid="7" />
              </BranchPoints>
              <MethodPoint xsi:type="SequencePoint" vc="0" uspid="174" ordinal="0" offset="0" sl="147" sc="9" el="147" ec="10" bec="0" bev="0" fileid="7" />
            </Method>
            <Method visited="false" cyclomaticComplexity="3" nPathComplexity="2" sequenceCoverage="0" branchCoverage="0" crapScore="12" isConstructor="false" isStatic="false" isGetter="false" isSetter="false">
              <Summary numSequencePoints="9" visitedSequencePoints="0" numBranchPoints="3" visitedBranchPoints="0" sequenceCoverage="0" branchCoverage="0" maxCyclomaticComplexity="3" minCyclomaticComplexity="3" maxCrapScore="12" minCrapScore="12" visitedClasses="0" numClasses="0" visitedMethods="0" numMethods="1" />
              <MetadataToken>100663317</MetadataToken>
              <Name>System.Void ProblemStatement1.MainForm::dgvPromotionOne_CellContentClick(System.Object,System.Windows.Forms.DataGridViewCellEventArgs)</Name>
              <FileRef uid="7" />
              <SequencePoints>
                <SequencePoint vc="0" uspid="187" ordinal="0" offset="0" sl="160" sc="9" el="160" ec="10" bec="0" bev="0" fileid="7" />
                <SequencePoint vc="0" uspid="188" ordinal="1" offset="1" sl="161" sc="13" el="161" ec="51" bec="0" bev="0" fileid="7" />
                <SequencePoint vc="0" uspid="189" ordinal="2" offset="8" sl="163" sc="13" el="164" ec="33" bec="2" bev="0" fileid="7" />
                <SequencePoint vc="0" uspid="190" ordinal="3" offset="51" sl="165" sc="13" el="165" ec="14" bec="0" bev="0" fileid="7" />
                <SequencePoint vc="0" uspid="191" ordinal="4" offset="52" sl="166" sc="17" el="166" ec="107" bec="0" bev="0" fileid="7" />
                <SequencePoint vc="0" uspid="192" ordinal="5" offset="91" sl="167" sc="17" el="167" ec="36" bec="0" bev="0" fileid="7" />
                <SequencePoint vc="0" uspid="193" ordinal="6" offset="98" sl="168" sc="17" el="168" ec="35" bec="0" bev="0" fileid="7" />
                <SequencePoint vc="0" uspid="194" ordinal="7" offset="106" sl="169" sc="13" el="169" ec="14" bec="0" bev="0" fileid="7" />
                <SequencePoint vc="0" uspid="195" ordinal="8" offset="107" sl="170" sc="9" el="170" ec="10" bec="0" bev="0" fileid="7" />
              </SequencePoints>
              <BranchPoints>
                <BranchPoint vc="0" uspid="198" ordinal="2" offset="49" sl="163" path="0" offsetend="51" fileid="7" />
                <BranchPoint vc="0" uspid="199" ordinal="3" offset="49" sl="163" path="1" offsetend="107" fileid="7" />
              </BranchPoints>
              <MethodPoint xsi:type="SequencePoint" vc="0" uspid="187" ordinal="0" offset="0" sl="160" sc="9" el="160" ec="10" bec="0" bev="0" fileid="7" />
            </Method>
            <Method visited="false" cyclomaticComplexity="3" nPathComplexity="2" sequenceCoverage="0" branchCoverage="0" crapScore="12" isConstructor="false" isStatic="false" isGetter="false" isSetter="false">
              <Summary numSequencePoints="9" visitedSequencePoints="0" numBranchPoints="3" visitedBranchPoints="0" sequenceCoverage="0" branchCoverage="0" maxCyclomaticComplexity="3" minCyclomaticComplexity="3" maxCrapScore="12" minCrapScore="12" visitedClasses="0" numClasses="0" visitedMethods="0" numMethods="1" />
              <MetadataToken>100663318</MetadataToken>
              <Name>System.Void ProblemStatement1.MainForm::dgvPromotionTwo_CellContentClick(System.Object,System.Windows.Forms.DataGridViewCellEventArgs)</Name>
              <FileRef uid="7" />
              <SequencePoints>
                <SequencePoint vc="0" uspid="200" ordinal="0" offset="0" sl="173" sc="9" el="173" ec="10" bec="0" bev="0" fileid="7" />
                <SequencePoint vc="0" uspid="201" ordinal="1" offset="1" sl="174" sc="13" el="174" ec="51" bec="0" bev="0" fileid="7" />
                <SequencePoint vc="0" uspid="202" ordinal="2" offset="8" sl="176" sc="13" el="177" ec="33" bec="2" bev="0" fileid="7" />
                <SequencePoint vc="0" uspid="203" ordinal="3" offset="51" sl="178" sc="13" el="178" ec="14" bec="0" bev="0" fileid="7" />
                <SequencePoint vc="0" uspid="204" ordinal="4" offset="52" sl="179" sc="17" el="179" ec="107" bec="0" bev="0" fileid="7" />
                <SequencePoint vc="0" uspid="205" ordinal="5" offset="91" sl="180" sc="17" el="180" ec="36" bec="0" bev="0" fileid="7" />
                <SequencePoint vc="0" uspid="206" ordinal="6" offset="98" sl="181" sc="17" el="181" ec="35" bec="0" bev="0" fileid="7" />
                <SequencePoint vc="0" uspid="207" ordinal="7" offset="106" sl="182" sc="13" el="182" ec="14" bec="0" bev="0" fileid="7" />
                <SequencePoint vc="0" uspid="208" ordinal="8" offset="107" sl="183" sc="9" el="183" ec="10" bec="0" bev="0" fileid="7" />
              </SequencePoints>
              <BranchPoints>
                <BranchPoint vc="0" uspid="211" ordinal="2" offset="49" sl="176" path="0" offsetend="51" fileid="7" />
                <BranchPoint vc="0" uspid="212" ordinal="3" offset="49" sl="176" path="1" offsetend="107" fileid="7" />
              </BranchPoints>
              <MethodPoint xsi:type="SequencePoint" vc="0" uspid="200" ordinal="0" offset="0" sl="173" sc="9" el="173" ec="10" bec="0" bev="0" fileid="7" />
            </Method>
            <Method visited="false" cyclomaticComplexity="3" nPathComplexity="2" sequenceCoverage="0" branchCoverage="0" crapScore="12" isConstructor="false" isStatic="false" isGetter="false" isSetter="false">
              <Summary numSequencePoints="8" visitedSequencePoints="0" numBranchPoints="3" visitedBranchPoints="0" sequenceCoverage="0" branchCoverage="0" maxCyclomaticComplexity="3" minCyclomaticComplexity="3" maxCrapScore="12" minCrapScore="12" visitedClasses="0" numClasses="0" visitedMethods="0" numMethods="1" />
              <MetadataToken>100663319</MetadataToken>
              <Name>System.Void ProblemStatement1.MainForm::dgvCartList_CellContentClick(System.Object,System.Windows.Forms.DataGridViewCellEventArgs)</Name>
              <FileRef uid="7" />
              <SequencePoints>
                <SequencePoint vc="0" uspid="213" ordinal="0" offset="0" sl="186" sc="9" el="186" ec="10" bec="0" bev="0" fileid="7" />
                <SequencePoint vc="0" uspid="214" ordinal="1" offset="1" sl="187" sc="13" el="187" ec="51" bec="0" bev="0" fileid="7" />
                <SequencePoint vc="0" uspid="215" ordinal="2" offset="8" sl="189" sc="13" el="190" ec="33" bec="2" bev="0" fileid="7" />
                <SequencePoint vc="0" uspid="216" ordinal="3" offset="51" sl="191" sc="13" el="191" ec="14" bec="0" bev="0" fileid="7" />
                <SequencePoint vc="0" uspid="217" ordinal="4" offset="52" sl="192" sc="17" el="192" ec="88" bec="0" bev="0" fileid="7" />
                <SequencePoint vc="0" uspid="218" ordinal="5" offset="86" sl="193" sc="17" el="193" ec="36" bec="0" bev="0" fileid="7" />
                <SequencePoint vc="0" uspid="219" ordinal="6" offset="93" sl="194" sc="13" el="194" ec="14" bec="0" bev="0" fileid="7" />
                <SequencePoint vc="0" uspid="220" ordinal="7" offset="94" sl="195" sc="9" el="195" ec="10" bec="0" bev="0" fileid="7" />
              </SequencePoints>
              <BranchPoints>
                <BranchPoint vc="0" uspid="223" ordinal="2" offset="49" sl="189" path="0" offsetend="51" fileid="7" />
                <BranchPoint vc="0" uspid="224" ordinal="3" offset="49" sl="189" path="1" offsetend="94" fileid="7" />
              </BranchPoints>
              <MethodPoint xsi:type="SequencePoint" vc="0" uspid="213" ordinal="0" offset="0" sl="186" sc="9" el="186" ec="10" bec="0" bev="0" fileid="7" />
            </Method>
            <Method visited="false" cyclomaticComplexity="3" nPathComplexity="2" sequenceCoverage="0" branchCoverage="0" crapScore="12" isConstructor="false" isStatic="false" isGetter="false" isSetter="false">
              <Summary numSequencePoints="7" visitedSequencePoints="0" numBranchPoints="3" visitedBranchPoints="0" sequenceCoverage="0" branchCoverage="0" maxCyclomaticComplexity="3" minCyclomaticComplexity="3" maxCrapScore="12" minCrapScore="12" visitedClasses="0" numClasses="0" visitedMethods="0" numMethods="1" />
              <MetadataToken>100663320</MetadataToken>
              <Name>System.Void ProblemStatement1.MainForm::Dispose(System.Boolean)</Name>
              <FileRef uid="6" />
              <SequencePoints>
                <SequencePoint vc="0" uspid="225" ordinal="0" offset="0" sl="17" sc="9" el="17" ec="10" bec="0" bev="0" fileid="6" />
                <SequencePoint vc="0" uspid="226" ordinal="1" offset="1" sl="18" sc="13" el="18" ec="51" bec="2" bev="0" fileid="6" />
                <SequencePoint vc="0" uspid="227" ordinal="2" offset="20" sl="19" sc="13" el="19" ec="14" bec="0" bev="0" fileid="6" />
                <SequencePoint vc="0" uspid="228" ordinal="3" offset="21" sl="20" sc="17" el="20" ec="38" bec="0" bev="0" fileid="6" />
                <SequencePoint vc="0" uspid="229" ordinal="4" offset="33" sl="21" sc="13" el="21" ec="14" bec="0" bev="0" fileid="6" />
                <SequencePoint vc="0" uspid="230" ordinal="5" offset="34" sl="22" sc="13" el="22" ec="37" bec="0" bev="0" fileid="6" />
                <SequencePoint vc="0" uspid="231" ordinal="6" offset="42" sl="23" sc="9" el="23" ec="10" bec="0" bev="0" fileid="6" />
              </SequencePoints>
              <BranchPoints>
                <BranchPoint vc="0" uspid="234" ordinal="2" offset="18" sl="18" path="0" offsetend="20" fileid="6" />
                <BranchPoint vc="0" uspid="235" ordinal="3" offset="18" sl="18" path="1" offsetend="34" fileid="6" />
              </BranchPoints>
              <MethodPoint xsi:type="SequencePoint" vc="0" uspid="225" ordinal="0" offset="0" sl="17" sc="9" el="17" ec="10" bec="0" bev="0" fileid="6" />
            </Method>
            <Method visited="false" cyclomaticComplexity="1" nPathComplexity="0" sequenceCoverage="0" branchCoverage="0" crapScore="2" isConstructor="false" isStatic="false" isGetter="false" isSetter="false">
              <Summary numSequencePoints="608" visitedSequencePoints="0" numBranchPoints="1" visitedBranchPoints="0" sequenceCoverage="0" branchCoverage="0" maxCyclomaticComplexity="1" minCyclomaticComplexity="1" maxCrapScore="2" minCrapScore="2" visitedClasses="0" numClasses="0" visitedMethods="0" numMethods="1" />
              <MetadataToken>100663321</MetadataToken>
              <Name>System.Void ProblemStatement1.MainForm::InitializeComponent()</Name>
              <FileRef uid="6" />
              <SequencePoints>
                <SequencePoint vc="0" uspid="236" ordinal="0" offset="0" sl="32" sc="9" el="32" ec="10" bec="0" bev="0" fileid="6" />
                <SequencePoint vc="0" uspid="237" ordinal="1" offset="1" sl="33" sc="13" el="33" ec="73" bec="0" bev="0" fileid="6" />
                <SequencePoint vc="0" uspid="238" ordinal="2" offset="12" sl="34" sc="13" el="34" ec="66" bec="0" bev="0" fileid="6" />
                <SequencePoint vc="0" uspid="239" ordinal="3" offset="23" sl="35" sc="13" el="35" ec="75" bec="0" bev="0" fileid="6" />
                <SequencePoint vc="0" uspid="240" ordinal="4" offset="34" sl="36" sc="13" el="36" ec="61" bec="0" bev="0" fileid="6" />
                <SequencePoint vc="0" uspid="241" ordinal="5" offset="45" sl="37" sc="13" el="37" ec="70" bec="0" bev="0" fileid="6" />
                <SequencePoint vc="0" uspid="242" ordinal="6" offset="56" sl="38" sc="13" el="38" ec="74" bec="0" bev="0" fileid="6" />
                <SequencePoint vc="0" uspid="243" ordinal="7" offset="67" sl="39" sc="13" el="39" ec="73" bec="0" bev="0" fileid="6" />
                <SequencePoint vc="0" uspid="244" ordinal="8" offset="78" sl="40" sc="13" el="40" ec="70" bec="0" bev="0" fileid="6" />
                <SequencePoint vc="0" uspid="245" ordinal="9" offset="89" sl="41" sc="13" el="41" ec="75" bec="0" bev="0" fileid="6" />
                <SequencePoint vc="0" uspid="246" ordinal="10" offset="100" sl="42" sc="13" el="42" ec="61" bec="0" bev="0" fileid="6" />
                <SequencePoint vc="0" uspid="247" ordinal="11" offset="111" sl="43" sc="13" el="43" ec="72" bec="0" bev="0" fileid="6" />
                <SequencePoint vc="0" uspid="248" ordinal="12" offset="122" sl="44" sc="13" el="44" ec="85" bec="0" bev="0" fileid="6" />
                <SequencePoint vc="0" uspid="249" ordinal="13" offset="133" sl="45" sc="13" el="45" ec="88" bec="0" bev="0" fileid="6" />
                <SequencePoint vc="0" uspid="250" ordinal="14" offset="144" sl="46" sc="13" el="46" ec="85" bec="0" bev="0" fileid="6" />
                <SequencePoint vc="0" uspid="251" ordinal="15" offset="155" sl="47" sc="13" el="47" ec="70" bec="0" bev="0" fileid="6" />
                <SequencePoint vc="0" uspid="252" ordinal="16" offset="166" sl="48" sc="13" el="48" ec="72" bec="0" bev="0" fileid="6" />
                <SequencePoint vc="0" uspid="253" ordinal="17" offset="177" sl="49" sc="13" el="49" ec="67" bec="0" bev="0" fileid="6" />
                <SequencePoint vc="0" uspid="254" ordinal="18" offset="188" sl="50" sc="13" el="50" ec="82" bec="0" bev="0" fileid="6" />
                <SequencePoint vc="0" uspid="255" ordinal="19" offset="199" sl="51" sc="13" el="51" ec="69" bec="0" bev="0" fileid="6" />
                <SequencePoint vc="0" uspid="256" ordinal="20" offset="210" sl="52" sc="13" el="52" ec="82" bec="0" bev="0" fileid="6" />
                <SequencePoint vc="0" uspid="257" ordinal="21" offset="221" sl="53" sc="13" el="53" ec="60" bec="0" bev="0" fileid="6" />
                <SequencePoint vc="0" uspid="258" ordinal="22" offset="232" sl="54" sc="13" el="54" ec="80" bec="0" bev="0" fileid="6" />
                <SequencePoint vc="0" uspid="259" ordinal="23" offset="243" sl="55" sc="13" el="55" ec="60" bec="0" bev="0" fileid="6" />
                <SequencePoint vc="0" uspid="260" ordinal="24" offset="254" sl="56" sc="13" el="56" ec="80" bec="0" bev="0" fileid="6" />
                <SequencePoint vc="0" uspid="261" ordinal="25" offset="265" sl="57" sc="13" el="57" ec="60" bec="0" bev="0" fileid="6" />
                <SequencePoint vc="0" uspid="262" ordinal="26" offset="276" sl="58" sc="13" el="58" ec="80" bec="0" bev="0" fileid="6" />
                <SequencePoint vc="0" uspid="263" ordinal="27" offset="287" sl="59" sc="13" el="59" ec="60" bec="0" bev="0" fileid="6" />
                <SequencePoint vc="0" uspid="264" ordinal="28" offset="298" sl="60" sc="13" el="60" ec="67" bec="0" bev="0" fileid="6" />
                <SequencePoint vc="0" uspid="265" ordinal="29" offset="309" sl="61" sc="13" el="61" ec="73" bec="0" bev="0" fileid="6" />
                <SequencePoint vc="0" uspid="266" ordinal="30" offset="320" sl="62" sc="13" el="62" ec="60" bec="0" bev="0" fileid="6" />
                <SequencePoint vc="0" uspid="267" ordinal="31" offset="331" sl="63" sc="13" el="63" ec="76" bec="0" bev="0" fileid="6" />
                <SequencePoint vc="0" uspid="268" ordinal="32" offset="342" sl="64" sc="13" el="64" ec="90" bec="0" bev="0" fileid="6" />
                <SequencePoint vc="0" uspid="269" ordinal="33" offset="353" sl="65" sc="13" el="65" ec="90" bec="0" bev="0" fileid="6" />
                <SequencePoint vc="0" uspid="270" ordinal="34" offset="364" sl="66" sc="13" el="66" ec="100" bec="0" bev="0" fileid="6" />
                <SequencePoint vc="0" uspid="271" ordinal="35" offset="375" sl="67" sc="13" el="67" ec="96" bec="0" bev="0" fileid="6" />
                <SequencePoint vc="0" uspid="272" ordinal="36" offset="386" sl="68" sc="13" el="68" ec="63" bec="0" bev="0" fileid="6" />
                <SequencePoint vc="0" uspid="273" ordinal="37" offset="397" sl="69" sc="13" el="69" ec="80" bec="0" bev="0" fileid="6" />
                <SequencePoint vc="0" uspid="274" ordinal="38" offset="408" sl="70" sc="13" el="70" ec="69" bec="0" bev="0" fileid="6" />
                <SequencePoint vc="0" uspid="275" ordinal="39" offset="419" sl="71" sc="13" el="71" ec="75" bec="0" bev="0" fileid="6" />
                <SequencePoint vc="0" uspid="276" ordinal="40" offset="430" sl="72" sc="13" el="72" ec="87" bec="0" bev="0" fileid="6" />
[...]
                <SequencePoint vc="1" uspid="1198" ordinal="4" offset="46" sl="33" sc="13" el="33" ec="60" bec="0" bev="0" fileid="22">
                  <TrackedMethodRefs>
                    <TrackedMethodRef uid="2" vc="1" />
                  </TrackedMethodRefs>
                </SequencePoint>
                <SequencePoint vc="1" uspid="1199" ordinal="5" offset="65" sl="34" sc="13" el="34" ec="25" bec="0" bev="0" fileid="22">
                  <TrackedMethodRefs>
                    <TrackedMethodRef uid="2" vc="1" />
                  </TrackedMethodRefs>
                </SequencePoint>
                <SequencePoint vc="1" uspid="1200" ordinal="6" offset="69" sl="35" sc="9" el="35" ec="10" bec="0" bev="0" fileid="22">
                  <TrackedMethodRefs>
                    <TrackedMethodRef uid="2" vc="1" />
                  </TrackedMethodRefs>
                </SequencePoint>
              </SequencePoints>
              <BranchPoints>
                <BranchPoint vc="0" uspid="1205" ordinal="4" offset="39" sl="28" path="0" offsetend="41" fileid="22" />
                <BranchPoint vc="1" uspid="1206" ordinal="5" offset="39" sl="28" path="1" offsetend="46" fileid="22">
                  <TrackedMethodRefs>
                    <TrackedMethodRef uid="2" vc="1" />
                  </TrackedMethodRefs>
                </BranchPoint>
              </BranchPoints>
              <MethodPoint xsi:type="SequencePoint" vc="1" uspid="1194" ordinal="0" offset="0" sl="27" sc="9" el="27" ec="10" bec="0" bev="0" fileid="22">
                <TrackedMethodRefs>
                  <TrackedMethodRef uid="2" vc="1" />
                </TrackedMethodRefs>
              </MethodPoint>
            </Method>
            <Method visited="false" cyclomaticComplexity="1" nPathComplexity="0" sequenceCoverage="0" branchCoverage="0" crapScore="2" isConstructor="false" isStatic="false" isGetter="false" isSetter="false">
              <Summary numSequencePoints="3" visitedSequencePoints="0" numBranchPoints="1" visitedBranchPoints="0" sequenceCoverage="0" branchCoverage="0" maxCyclomaticComplexity="1" minCyclomaticComplexity="1" maxCrapScore="2" minCrapScore="2" visitedClasses="0" numClasses="0" visitedMethods="0" numMethods="1" />
              <MetadataToken>100663365</MetadataToken>
              <Name>System.Void ProblemStatement1.Store::RemoveProductFromStore(ProblemStatement1.Product)</Name>
              <FileRef uid="22" />
              <SequencePoints>
                <SequencePoint vc="0" uspid="1207" ordinal="0" offset="0" sl="38" sc="9" el="38" ec="10" bec="0" bev="0" fileid="22" />
                <SequencePoint vc="0" uspid="1208" ordinal="1" offset="1" sl="39" sc="13" el="39" ec="39" bec="0" bev="0" fileid="22" />
                <SequencePoint vc="0" uspid="1209" ordinal="2" offset="14" sl="40" sc="9" el="40" ec="10" bec="0" bev="0" fileid="22" />
              </SequencePoints>
              <BranchPoints />
              <MethodPoint xsi:type="SequencePoint" vc="0" uspid="1207" ordinal="0" offset="0" sl="38" sc="9" el="38" ec="10" bec="0" bev="0" fileid="22" />
            </Method>
            <Method visited="true" cyclomaticComplexity="1" nPathComplexity="0" sequenceCoverage="100" branchCoverage="100" crapScore="1" isConstructor="false" isStatic="false" isGetter="false" isSetter="false">
              <Summary numSequencePoints="3" visitedSequencePoints="3" numBranchPoints="1" visitedBranchPoints="1" sequenceCoverage="100" branchCoverage="100" maxCyclomaticComplexity="1" minCyclomaticComplexity="1" maxCrapScore="1" minCrapScore="1" visitedClasses="0" numClasses="0" visitedMethods="1" numMethods="1" />
              <MetadataToken>100663366</MetadataToken>
              <Name>System.Boolean ProblemStatement1.Store::exists(System.String)</Name>
              <FileRef uid="22" />
              <SequencePoints>
                <SequencePoint vc="1" uspid="1210" ordinal="0" offset="13" sl="43" sc="9" el="43" ec="10" bec="0" bev="0" fileid="22">
                  <TrackedMethodRefs>
                    <TrackedMethodRef uid="2" vc="1" />
                  </TrackedMethodRefs>
                </SequencePoint>
                <SequencePoint vc="1" uspid="1211" ordinal="1" offset="14" sl="44" sc="13" el="45" ec="64" bec="0" bev="0" fileid="22">
                  <TrackedMethodRefs>
                    <TrackedMethodRef uid="2" vc="1" />
                  </TrackedMethodRefs>
                </SequencePoint>
                <SequencePoint vc="1" uspid="1212" ordinal="2" offset="46" sl="46" sc="9" el="46" ec="10" bec="0" bev="0" fileid="22">
                  <TrackedMethodRefs>
                    <TrackedMethodRef uid="2" vc="1" />
                  </TrackedMethodRefs>
                </SequencePoint>
              </SequencePoints>
              <BranchPoints />
              <MethodPoint vc="1" uspid="1213" ordinal="0" offset="0">
                <TrackedMethodRefs>
                  <TrackedMethodRef uid="2" vc="1" />
                </TrackedMethodRefs>
              </MethodPoint>
            </Method>
            <Method visited="true" cyclomaticComplexity="1" nPathComplexity="0" sequenceCoverage="100" branchCoverage="100" crapScore="1" isConstructor="true" isStatic="true" isGetter="false" isSetter="false">
              <Summary numSequencePoints="1" visitedSequencePoints="1" numBranchPoints="1" visitedBranchPoints="1" sequenceCoverage="100" branchCoverage="100" maxCyclomaticComplexity="1" minCyclomaticComplexity="1" maxCrapScore="1" minCrapScore="1" visitedClasses="0" numClasses="0" visitedMethods="1" numMethods="1" />
              <MetadataToken>100663367</MetadataToken>
              <Name>System.Void ProblemStatement1.Store::.cctor()</Name>
              <FileRef uid="22" />
              <SequencePoints>
                <SequencePoint vc="1" uspid="1214" ordinal="0" offset="0" sl="8" sc="9" el="8" ec="54" bec="0" bev="0" fileid="22">
                  <TrackedMethodRefs>
                    <TrackedMethodRef uid="1" vc="1" />
                  </TrackedMethodRefs>
                </SequencePoint>
              </SequencePoints>
              <BranchPoints />
              <MethodPoint xsi:type="SequencePoint" vc="1" uspid="1214" ordinal="0" offset="0" sl="8" sc="9" el="8" ec="54" bec="0" bev="0" fileid="22">
                <TrackedMethodRefs>
                  <TrackedMethodRef uid="1" vc="1" />
                </TrackedMethodRefs>
              </MethodPoint>
            </Method>
          </Methods>
        </Class>
        <Class>
          <Summary numSequencePoints="1" visitedSequencePoints="0" numBranchPoints="1" visitedBranchPoints="0" sequenceCoverage="0" branchCoverage="0" maxCyclomaticComplexity="1" minCyclomaticComplexity="1" maxCrapScore="2" minCrapScore="2" visitedClasses="0" numClasses="1" visitedMethods="0" numMethods="1" />
          <FullName>ProblemStatement1.Store/&lt;&gt;c__DisplayClass8_0</FullName>
          <Methods>
            <Method visited="false" cyclomaticComplexity="1" nPathComplexity="0" sequenceCoverage="0" branchCoverage="0" crapScore="2" isConstructor="true" isStatic="false" isGetter="false" isSetter="false">
              <Summary numSequencePoints="0" visitedSequencePoints="0" numBranchPoints="0" visitedBranchPoints="0" sequenceCoverage="0" branchCoverage="0" maxCyclomaticComplexity="1" minCyclomaticComplexity="1" maxCrapScore="2" minCrapScore="2" visitedClasses="0" numClasses="0" visitedMethods="0" numMethods="0" />
              <MetadataToken>100663393</MetadataToken>
              <Name>System.Void ProblemStatement1.Store/&lt;&gt;c__DisplayClass8_0::.ctor()</Name>
              <SequencePoints />
              <BranchPoints />
              <MethodPoint vc="0" uspid="1215" ordinal="0" offset="0" />
            </Method>
            <Method visited="false" cyclomaticComplexity="1" nPathComplexity="0" sequenceCoverage="0" branchCoverage="0" crapScore="2" isConstructor="false" isStatic="false" isGetter="false" isSetter="false">
              <Summary numSequencePoints="1" visitedSequencePoints="0" numBranchPoints="1" visitedBranchPoints="0" sequenceCoverage="0" branchCoverage="0" maxCyclomaticComplexity="1" minCyclomaticComplexity="1" maxCrapScore="2" minCrapScore="2" visitedClasses="0" numClasses="0" visitedMethods="0" numMethods="1" />
              <MetadataToken>100663394</MetadataToken>
              <Name>System.Boolean ProblemStatement1.Store/&lt;&gt;c__DisplayClass8_0::&lt;exists&gt;b__0(ProblemStatement1.Product)</Name>
              <FileRef uid="22" />
              <SequencePoints>
                <SequencePoint vc="0" uspid="1216" ordinal="0" offset="0" sl="44" sc="51" el="45" ec="55" bec="0" bev="0" fileid="22" />
              </SequencePoints>
              <BranchPoints />
              <MethodPoint xsi:type="SequencePoint" vc="0" uspid="1216" ordinal="0" offset="0" sl="44" sc="51" el="45" ec="55" bec="0" bev="0" fileid="22" />
            </Method>
          </Methods>
        </Class>
        <Class>
          <Summary numSequencePoints="17" visitedSequencePoints="0" numBranchPoints="6" visitedBranchPoints="0" sequenceCoverage="0" branchCoverage="0" maxCyclomaticComplexity="2" minCyclomaticComplexity="1" maxCrapScore="6" minCrapScore="2" visitedClasses="0" numClasses="1" visitedMethods="0" numMethods="4" />
          <FullName>ProblemStatement1.Properties.Resources</FullName>
          <Methods>
            <Method visited="false" cyclomaticComplexity="2" nPathComplexity="2" sequenceCoverage="0" branchCoverage="0" crapScore="6" isConstructor="false" isStatic="true" isGetter="true" isSetter="false">
              <Summary numSequencePoints="8" visitedSequencePoints="0" numBranchPoints="3" visitedBranchPoints="0" sequenceCoverage="0" branchCoverage="0" maxCyclomaticComplexity="2" minCyclomaticComplexity="2" maxCrapScore="6" minCrapScore="6" visitedClasses="0" numClasses="0" visitedMethods="0" numMethods="1" />
              <MetadataToken>100663369</MetadataToken>
              <Name>System.Resources.ResourceManager ProblemStatement1.Properties.Resources::get_ResourceManager()</Name>
              <FileRef uid="24" />
              <SequencePoints>
                <SequencePoint vc="0" uspid="1217" ordinal="0" offset="0" sl="44" sc="13" el="44" ec="14" bec="0" bev="0" fileid="24" />
                <SequencePoint vc="0" uspid="1218" ordinal="1" offset="1" sl="45" sc="17" el="45" ec="43" bec="2" bev="0" fileid="24" />
                <SequencePoint vc="0" uspid="1219" ordinal="2" offset="13" sl="46" sc="17" el="46" ec="18" bec="0" bev="0" fileid="24" />
                <SequencePoint vc="0" uspid="1220" ordinal="3" offset="14" sl="47" sc="21" el="47" ec="184" bec="0" bev="0" fileid="24" />
                <SequencePoint vc="0" uspid="1221" ordinal="4" offset="40" sl="48" sc="21" el="48" ec="40" bec="0" bev="0" fileid="24" />
                <SequencePoint vc="0" uspid="1222" ordinal="5" offset="46" sl="49" sc="17" el="49" ec="18" bec="0" bev="0" fileid="24" />
                <SequencePoint vc="0" uspid="1223" ordinal="6" offset="47" sl="50" sc="17" el="50" ec="36" bec="0" bev="0" fileid="24" />
                <SequencePoint vc="0" uspid="1224" ordinal="7" offset="55" sl="51" sc="13" el="51" ec="14" bec="0" bev="0" fileid="24" />
              </SequencePoints>
              <BranchPoints>
                <BranchPoint vc="0" uspid="1225" ordinal="0" offset="11" sl="45" path="0" offsetend="13" fileid="24" />
                <BranchPoint vc="0" uspid="1226" ordinal="1" offset="11" sl="45" path="1" offsetend="47" fileid="24" />
              </BranchPoints>
              <MethodPoint xsi:type="SequencePoint" vc="0" uspid="1217" ordinal="0" offset="0" sl="44" sc="13" el="44" ec="14" bec="0" bev="0" fileid="24" />
            </Method>
            <Method visited="false" cyclomaticComplexity="1" nPathComplexity="0" sequenceCoverage="0" branchCoverage="0" crapScore="2" isConstructor="false" isStatic="true" isGetter="true" isSetter="false">
              <Summary numSequencePoints="3" visitedSequencePoints="0" numBranchPoints="1" visitedBranchPoints="0" sequenceCoverage="0" branchCoverage="0" maxCyclomaticComplexity="1" minCyclomaticComplexity="1" maxCrapScore="2" minCrapScore="2" visitedClasses="0" numClasses="0" visitedMethods="0" numMethods="1" />
              <MetadataToken>100663370</MetadataToken>
              <Name>System.Globalization.CultureInfo ProblemStatement1.Properties.Resources::get_Culture()</Name>
              <FileRef uid="24" />
              <SequencePoints>
                <SequencePoint vc="0" uspid="1227" ordinal="0" offset="0" sl="62" sc="13" el="62" ec="14" bec="0" bev="0" fileid="24" />
                <SequencePoint vc="0" uspid="1228" ordinal="1" offset="1" sl="63" sc="17" el="63" ec="40" bec="0" bev="0" fileid="24" />
                <SequencePoint vc="0" uspid="1229" ordinal="2" offset="9" sl="64" sc="13" el="64" ec="14" bec="0" bev="0" fileid="24" />
              </SequencePoints>
              <BranchPoints />
              <MethodPoint xsi:type="SequencePoint" vc="0" uspid="1227" ordinal="0" offset="0" sl="62" sc="13" el="62" ec="14" bec="0" bev="0" fileid="24" />
            </Method>
            <Method visited="false" cyclomaticComplexity="1" nPathComplexity="0" sequenceCoverage="0" branchCoverage="0" crapScore="2" isConstructor="false" isStatic="true" isGetter="false" isSetter="true">
              <Summary numSequencePoints="3" visitedSequencePoints="0" numBranchPoints="1" visitedBranchPoints="0" sequenceCoverage="0" branchCoverage="0" maxCyclomaticComplexity="1" minCyclomaticComplexity="1" maxCrapScore="2" minCrapScore="2" visitedClasses="0" numClasses="0" visitedMethods="0" numMethods="1" />
              <MetadataToken>100663371</MetadataToken>
              <Name>System.Void ProblemStatement1.Properties.Resources::set_Culture(System.Globalization.CultureInfo)</Name>
              <FileRef uid="24" />
              <SequencePoints>
                <SequencePoint vc="0" uspid="1230" ordinal="0" offset="0" sl="66" sc="13" el="66" ec="14" bec="0" bev="0" fileid="24" />
                <SequencePoint vc="0" uspid="1231" ordinal="1" offset="1" sl="67" sc="17" el="67" ec="41" bec="0" bev="0" fileid="24" />
                <SequencePoint vc="0" uspid="1232" ordinal="2" offset="7" sl="68" sc="13" el="68" ec="14" bec="0" bev="0" fileid="24" />
              </SequencePoints>
              <BranchPoints />
              <MethodPoint xsi:type="SequencePoint" vc="0" uspid="1230" ordinal="0" offset="0" sl="66" sc="13" el="66" ec="14" bec="0" bev="0" fileid="24" />
            </Method>
            <Method visited="false" cyclomaticComplexity="1" nPathComplexity="0" sequenceCoverage="0" branchCoverage="0" crapScore="2" isConstructor="true" isStatic="false" isGetter="false" isSetter="false">
              <Summary numSequencePoints="3" visitedSequencePoints="0" numBranchPoints="1" visitedBranchPoints="0" sequenceCoverage="0" branchCoverage="0" maxCyclomaticComplexity="1" minCyclomaticComplexity="1" maxCrapScore="2" minCrapScore="2" visitedClasses="0" numClasses="0" visitedMethods="0" numMethods="1" />
              <MetadataToken>100663368</MetadataToken>
              <Name>System.Void ProblemStatement1.Properties.Resources::.ctor()</Name>
              <FileRef uid="24" />
              <SequencePoints>
                <SequencePoint vc="0" uspid="1233" ordinal="0" offset="0" sl="33" sc="9" el="33" ec="29" bec="0" bev="0" fileid="24" />
                <SequencePoint vc="0" uspid="1234" ordinal="1" offset="7" sl="34" sc="9" el="34" ec="10" bec="0" bev="0" fileid="24" />
                <SequencePoint vc="0" uspid="1235" ordinal="2" offset="8" sl="35" sc="9" el="35" ec="10" bec="0" bev="0" fileid="24" />
              </SequencePoints>
              <BranchPoints />
              <MethodPoint xsi:type="SequencePoint" vc="0" uspid="1233" ordinal="0" offset="0" sl="33" sc="9" el="33" ec="29" bec="0" bev="0" fileid="24" />
            </Method>
          </Methods>
        </Class>
        <Class>
          <Summary numSequencePoints="4" visitedSequencePoints="0" numBranchPoints="2" visitedBranchPoints="0" sequenceCoverage="0" branchCoverage="0" maxCyclomaticComplexity="1" minCyclomaticComplexity="1" maxCrapScore="2" minCrapScore="2" visitedClasses="0" numClasses="1" visitedMethods="0" numMethods="2" />
          <FullName>ProblemStatement1.Properties.Settings</FullName>
          <Methods>
            <Method visited="false" cyclomaticComplexity="1" nPathComplexity="0" sequenceCoverage="0" branchCoverage="0" crapScore="2" isConstructor="false" isStatic="true" isGetter="true" isSetter="false">
              <Summary numSequencePoints="3" visitedSequencePoints="0" numBranchPoints="1" visitedBranchPoints="0" sequenceCoverage="0" branchCoverage="0" maxCyclomaticComplexity="1" minCyclomaticComplexity="1" maxCrapScore="2" minCrapScore="2" visitedClasses="0" numClasses="0" visitedMethods="0" numMethods="1" />
              <MetadataToken>100663372</MetadataToken>
              <Name>ProblemStatement1.Properties.Settings ProblemStatement1.Properties.Settings::get_Default()</Name>
              <FileRef uid="25" />
              <SequencePoints>
                <SequencePoint vc="0" uspid="1236" ordinal="0" offset="0" sl="25" sc="13" el="25" ec="14" bec="0" bev="0" fileid="25" />
                <SequencePoint vc="0" uspid="1237" ordinal="1" offset="1" sl="26" sc="17" el="26" ec="40" bec="0" bev="0" fileid="25" />
                <SequencePoint vc="0" uspid="1238" ordinal="2" offset="9" sl="27" sc="13" el="27" ec="14" bec="0" bev="0" fileid="25" />
              </SequencePoints>
              <BranchPoints />
              <MethodPoint xsi:type="SequencePoint" vc="0" uspid="1236" ordinal="0" offset="0" sl="25" sc="13" el="25" ec="14" bec="0" bev="0" fileid="25" />
            </Method>
            <Method visited="false" cyclomaticComplexity="1" nPathComplexity="0" sequenceCoverage="0" branchCoverage="0" crapScore="2" isConstructor="true" isStatic="false" isGetter="false" isSetter="false">
              <Summary numSequencePoints="0" visitedSequencePoints="0" numBranchPoints="0" visitedBranchPoints="0" sequenceCoverage="0" branchCoverage="0" maxCyclomaticComplexity="1" minCyclomaticComplexity="1" maxCrapScore="2" minCrapScore="2" visitedClasses="0" numClasses="0" visitedMethods="0" numMethods="0" />
              <MetadataToken>100663373</MetadataToken>
              <Name>System.Void ProblemStatement1.Properties.Settings::.ctor()</Name>
              <SequencePoints />
              <BranchPoints />
              <MethodPoint vc="0" uspid="1239" ordinal="0" offset="0" />
            </Method>
            <Method visited="false" cyclomaticComplexity="1" nPathComplexity="0" sequenceCoverage="0" branchCoverage="0" crapScore="2" isConstructor="true" isStatic="true" isGetter="false" isSetter="false">
              <Summary numSequencePoints="1" visitedSequencePoints="0" numBranchPoints="1" visitedBranchPoints="0" sequenceCoverage="0" branchCoverage="0" maxCyclomaticComplexity="1" minCyclomaticComplexity="1" maxCrapScore="2" minCrapScore="2" visitedClasses="0" numClasses="0" visitedMethods="0" numMethods="1" />
              <MetadataToken>100663374</MetadataToken>
              <Name>System.Void ProblemStatement1.Properties.Settings::.cctor()</Name>
              <FileRef uid="25" />
              <SequencePoints>
                <SequencePoint vc="0" uspid="1240" ordinal="0" offset="0" sl="20" sc="9" el="20" ec="147" bec="0" bev="0" fileid="25" />
              </SequencePoints>
              <BranchPoints />
              <MethodPoint xsi:type="SequencePoint" vc="0" uspid="1240" ordinal="0" offset="0" sl="20" sc="9" el="20" ec="147" bec="0" bev="0" fileid="25" />
            </Method>
          </Methods>
        </Class>
      </Classes>
      <TrackedMethods />
    </Module>
  </Modules>
</CoverageSession>